2022-09-01 14:07:22,538 INFO org.springframework.boot.StartupInfoLogger [main] Starting MapperTests using Java 17.0.3.1 on DESKTOP-HMJCEQP with PID 14716 (started by admin in D:\GitHub\community-project\community-server)
2022-09-01 14:07:22,540 DEBUG org.springframework.boot.StartupInfoLogger [main] Running with Spring Boot v2.7.2, Spring v5.3.22
2022-09-01 14:07:22,541 INFO org.springframework.boot.SpringApplication [main] No active profile set, falling back to 1 default profile: "default"
2022-09-01 14:07:23,052 INFO org.springframework.data.repository.config.RepositoryConfigurationDelegate [main] Multiple Spring Data modules found, entering strict repository configuration mode
2022-09-01 14:07:23,055 INFO org.springframework.data.repository.config.RepositoryConfigurationDelegate [main] Bootstrapping Spring Data Redis repositories in DEFAULT mode.
2022-09-01 14:07:23,079 INFO org.springframework.data.repository.config.RepositoryConfigurationDelegate [main] Finished Spring Data repository scanning in 13 ms. Found 0 Redis repository interfaces.
2022-09-01 14:07:24,207 WARN org.springframework.boot.autoconfigure.thymeleaf.ThymeleafAutoConfiguration$DefaultTemplateResolverConfiguration [main] Cannot find template location: classpath:/templates/ (please add some templates or check your Thymeleaf configuration)
2022-09-01 14:07:25,425 INFO org.apache.kafka.common.config.AbstractConfig [main] ConsumerConfig values: 
	allow.auto.create.topics = true
	auto.commit.interval.ms = 3000
	auto.offset.reset = latest
	bootstrap.servers = [127.0.0.1:9092]
	check.crcs = true
	client.dns.lookup = use_all_dns_ips
	client.id = consumer-test-consumer-group-1
	client.rack = 
	connections.max.idle.ms = 540000
	default.api.timeout.ms = 60000
	enable.auto.commit = true
	exclude.internal.topics = true
	fetch.max.bytes = 52428800
	fetch.max.wait.ms = 500
	fetch.min.bytes = 1
	group.id = test-consumer-group
	group.instance.id = null
	heartbeat.interval.ms = 3000
	interceptor.classes = []
	internal.leave.group.on.close = true
	internal.throw.on.fetch.stable.offset.unsupported = false
	isolation.level = read_uncommitted
	key.deserializer = class org.apache.kafka.common.serialization.StringDeserializer
	max.partition.fetch.bytes = 1048576
	max.poll.interval.ms = 300000
	max.poll.records = 500
	metadata.max.age.ms = 300000
	metric.reporters = []
	metrics.num.samples = 2
	metrics.recording.level = INFO
	metrics.sample.window.ms = 30000
	partition.assignment.strategy = [class org.apache.kafka.clients.consumer.RangeAssignor, class org.apache.kafka.clients.consumer.CooperativeStickyAssignor]
	receive.buffer.bytes = 65536
	reconnect.backoff.max.ms = 1000
	reconnect.backoff.ms = 50
	request.timeout.ms = 30000
	retry.backoff.ms = 100
	sasl.client.callback.handler.class = null
	sasl.jaas.config = null
	sasl.kerberos.kinit.cmd = /usr/bin/kinit
	sasl.kerberos.min.time.before.relogin = 60000
	sasl.kerberos.service.name = null
	sasl.kerberos.ticket.renew.jitter = 0.05
	sasl.kerberos.ticket.renew.window.factor = 0.8
	sasl.login.callback.handler.class = null
	sasl.login.class = null
	sasl.login.connect.timeout.ms = null
	sasl.login.read.timeout.ms = null
	sasl.login.refresh.buffer.seconds = 300
	sasl.login.refresh.min.period.seconds = 60
	sasl.login.refresh.window.factor = 0.8
	sasl.login.refresh.window.jitter = 0.05
	sasl.login.retry.backoff.max.ms = 10000
	sasl.login.retry.backoff.ms = 100
	sasl.mechanism = GSSAPI
	sasl.oauthbearer.clock.skew.seconds = 30
	sasl.oauthbearer.expected.audience = null
	sasl.oauthbearer.expected.issuer = null
	sasl.oauthbearer.jwks.endpoint.refresh.ms = 3600000
	sasl.oauthbearer.jwks.endpoint.retry.backoff.max.ms = 10000
	sasl.oauthbearer.jwks.endpoint.retry.backoff.ms = 100
	sasl.oauthbearer.jwks.endpoint.url = null
	sasl.oauthbearer.scope.claim.name = scope
	sasl.oauthbearer.sub.claim.name = sub
	sasl.oauthbearer.token.endpoint.url = null
	security.protocol = PLAINTEXT
	security.providers = null
	send.buffer.bytes = 131072
	session.timeout.ms = 45000
	socket.connection.setup.timeout.max.ms = 30000
	socket.connection.setup.timeout.ms = 10000
	ssl.cipher.suites = null
	ssl.enabled.protocols = [TLSv1.2, TLSv1.3]
	ssl.endpoint.identification.algorithm = https
	ssl.engine.factory.class = null
	ssl.key.password = null
	ssl.keymanager.algorithm = SunX509
	ssl.keystore.certificate.chain = null
	ssl.keystore.key = null
	ssl.keystore.location = null
	ssl.keystore.password = null
	ssl.keystore.type = JKS
	ssl.protocol = TLSv1.3
	ssl.provider = null
	ssl.secure.random.implementation = null
	ssl.trustmanager.algorithm = PKIX
	ssl.truststore.certificates = null
	ssl.truststore.location = null
	ssl.truststore.password = null
	ssl.truststore.type = JKS
	value.deserializer = class org.apache.kafka.common.serialization.StringDeserializer

2022-09-01 14:07:25,612 INFO org.apache.kafka.common.utils.AppInfoParser$AppInfo [main] Kafka version: 3.1.1
2022-09-01 14:07:25,613 INFO org.apache.kafka.common.utils.AppInfoParser$AppInfo [main] Kafka commitId: 97671528ba54a138
2022-09-01 14:07:25,613 INFO org.apache.kafka.common.utils.AppInfoParser$AppInfo [main] Kafka startTimeMs: 1662012445611
2022-09-01 14:07:25,616 INFO org.apache.kafka.clients.consumer.KafkaConsumer [main] [Consumer clientId=consumer-test-consumer-group-1, groupId=test-consumer-group] Subscribed to topic(s): test
2022-09-01 14:07:25,639 INFO org.springframework.boot.StartupInfoLogger [main] Started MapperTests in 3.388 seconds (JVM running for 4.042)
2022-09-01 14:07:26,087 INFO org.apache.kafka.clients.NetworkClient [org.springframework.kafka.KafkaListenerEndpointContainer#0-0-C-1] [Consumer clientId=consumer-test-consumer-group-1, groupId=test-consumer-group] Node -1 disconnected.
2022-09-01 14:07:26,088 WARN org.apache.kafka.clients.NetworkClient [org.springframework.kafka.KafkaListenerEndpointContainer#0-0-C-1] [Consumer clientId=consumer-test-consumer-group-1, groupId=test-consumer-group] Connection to node -1 (/127.0.0.1:9092) could not be established. Broker may not be available.
2022-09-01 14:07:26,089 WARN org.apache.kafka.clients.NetworkClient$DefaultMetadataUpdater [org.springframework.kafka.KafkaListenerEndpointContainer#0-0-C-1] [Consumer clientId=consumer-test-consumer-group-1, groupId=test-consumer-group] Bootstrap broker 127.0.0.1:9092 (id: -1 rack: null) disconnected
2022-09-01 14:07:26,194 INFO org.apache.kafka.clients.NetworkClient [org.springframework.kafka.KafkaListenerEndpointContainer#0-0-C-1] [Consumer clientId=consumer-test-consumer-group-1, groupId=test-consumer-group] Node -1 disconnected.
2022-09-01 14:07:26,194 WARN org.apache.kafka.clients.NetworkClient [org.springframework.kafka.KafkaListenerEndpointContainer#0-0-C-1] [Consumer clientId=consumer-test-consumer-group-1, groupId=test-consumer-group] Connection to node -1 (/127.0.0.1:9092) could not be established. Broker may not be available.
2022-09-01 14:07:26,194 WARN org.apache.kafka.clients.NetworkClient$DefaultMetadataUpdater [org.springframework.kafka.KafkaListenerEndpointContainer#0-0-C-1] [Consumer clientId=consumer-test-consumer-group-1, groupId=test-consumer-group] Bootstrap broker 127.0.0.1:9092 (id: -1 rack: null) disconnected
2022-09-01 14:07:26,200 INFO com.zaxxer.hikari.HikariDataSource [main] HikariPool-1 - Starting...
2022-09-01 14:07:26,366 INFO org.apache.kafka.clients.NetworkClient [org.springframework.kafka.KafkaListenerEndpointContainer#0-0-C-1] [Consumer clientId=consumer-test-consumer-group-1, groupId=test-consumer-group] Node -1 disconnected.
2022-09-01 14:07:26,366 WARN org.apache.kafka.clients.NetworkClient [org.springframework.kafka.KafkaListenerEndpointContainer#0-0-C-1] [Consumer clientId=consumer-test-consumer-group-1, groupId=test-consumer-group] Connection to node -1 (/127.0.0.1:9092) could not be established. Broker may not be available.
2022-09-01 14:07:26,366 WARN org.apache.kafka.clients.NetworkClient$DefaultMetadataUpdater [org.springframework.kafka.KafkaListenerEndpointContainer#0-0-C-1] [Consumer clientId=consumer-test-consumer-group-1, groupId=test-consumer-group] Bootstrap broker 127.0.0.1:9092 (id: -1 rack: null) disconnected
2022-09-01 14:07:26,470 INFO com.zaxxer.hikari.HikariDataSource [main] HikariPool-1 - Start completed.
2022-09-01 14:07:26,476 DEBUG org.apache.ibatis.logging.jdbc.BaseJdbcLogger [main] ==>  Preparing: select id from discuss_post where id=? and status!=2
2022-09-01 14:07:26,503 DEBUG org.apache.ibatis.logging.jdbc.BaseJdbcLogger [main] ==> Parameters: 286(Integer)
2022-09-01 14:07:26,527 DEBUG org.apache.ibatis.logging.jdbc.BaseJdbcLogger [main] <==      Total: 0
2022-09-01 14:07:26,546 INFO org.apache.kafka.clients.consumer.internals.AbstractCoordinator [org.springframework.kafka.KafkaListenerEndpointContainer#0-0-C-1] [Consumer clientId=consumer-test-consumer-group-1, groupId=test-consumer-group] Resetting generation due to: consumer pro-actively leaving the group
2022-09-01 14:07:26,546 INFO org.apache.kafka.clients.consumer.internals.AbstractCoordinator [org.springframework.kafka.KafkaListenerEndpointContainer#0-0-C-1] [Consumer clientId=consumer-test-consumer-group-1, groupId=test-consumer-group] Request joining group due to: consumer pro-actively leaving the group
2022-09-01 14:07:26,546 INFO org.apache.kafka.clients.consumer.KafkaConsumer [org.springframework.kafka.KafkaListenerEndpointContainer#0-0-C-1] [Consumer clientId=consumer-test-consumer-group-1, groupId=test-consumer-group] Unsubscribed all topics or patterns and assigned partitions
2022-09-01 14:07:26,547 INFO org.apache.kafka.clients.consumer.internals.AbstractCoordinator [org.springframework.kafka.KafkaListenerEndpointContainer#0-0-C-1] [Consumer clientId=consumer-test-consumer-group-1, groupId=test-consumer-group] Resetting generation due to: consumer pro-actively leaving the group
2022-09-01 14:07:26,547 INFO org.apache.kafka.clients.consumer.internals.AbstractCoordinator [org.springframework.kafka.KafkaListenerEndpointContainer#0-0-C-1] [Consumer clientId=consumer-test-consumer-group-1, groupId=test-consumer-group] Request joining group due to: consumer pro-actively leaving the group
2022-09-01 14:07:26,548 INFO org.apache.kafka.common.metrics.Metrics [org.springframework.kafka.KafkaListenerEndpointContainer#0-0-C-1] Metrics scheduler closed
2022-09-01 14:07:26,548 INFO org.apache.kafka.common.metrics.Metrics [org.springframework.kafka.KafkaListenerEndpointContainer#0-0-C-1] Closing reporter org.apache.kafka.common.metrics.JmxReporter
2022-09-01 14:07:26,548 INFO org.apache.kafka.common.metrics.Metrics [org.springframework.kafka.KafkaListenerEndpointContainer#0-0-C-1] Metrics reporters closed
2022-09-01 14:07:26,551 INFO org.apache.kafka.common.utils.AppInfoParser [org.springframework.kafka.KafkaListenerEndpointContainer#0-0-C-1] App info kafka.consumer for consumer-test-consumer-group-1 unregistered
2022-09-01 14:07:26,552 INFO org.springframework.core.log.LogAccessor [org.springframework.kafka.KafkaListenerEndpointContainer#0-0-C-1] test-consumer-group: Consumer stopped
2022-09-01 14:07:26,556 INFO com.zaxxer.hikari.HikariDataSource [SpringApplicationShutdownHook] HikariPool-1 - Shutdown initiated...
2022-09-01 14:07:26,560 INFO com.zaxxer.hikari.HikariDataSource [SpringApplicationShutdownHook] HikariPool-1 - Shutdown completed.
2022-09-01 14:10:26,321 INFO org.springframework.boot.StartupInfoLogger [main] Starting MapperTests using Java 17.0.3.1 on DESKTOP-HMJCEQP with PID 18600 (started by admin in D:\GitHub\community-project\community-server)
2022-09-01 14:10:26,322 DEBUG org.springframework.boot.StartupInfoLogger [main] Running with Spring Boot v2.7.2, Spring v5.3.22
2022-09-01 14:10:26,323 INFO org.springframework.boot.SpringApplication [main] No active profile set, falling back to 1 default profile: "default"
2022-09-01 14:10:26,842 INFO org.springframework.data.repository.config.RepositoryConfigurationDelegate [main] Multiple Spring Data modules found, entering strict repository configuration mode
2022-09-01 14:10:26,844 INFO org.springframework.data.repository.config.RepositoryConfigurationDelegate [main] Bootstrapping Spring Data Redis repositories in DEFAULT mode.
2022-09-01 14:10:26,868 INFO org.springframework.data.repository.config.RepositoryConfigurationDelegate [main] Finished Spring Data repository scanning in 13 ms. Found 0 Redis repository interfaces.
2022-09-01 14:10:27,989 WARN org.springframework.boot.autoconfigure.thymeleaf.ThymeleafAutoConfiguration$DefaultTemplateResolverConfiguration [main] Cannot find template location: classpath:/templates/ (please add some templates or check your Thymeleaf configuration)
2022-09-01 14:10:29,139 INFO org.apache.kafka.common.config.AbstractConfig [main] ConsumerConfig values: 
	allow.auto.create.topics = true
	auto.commit.interval.ms = 3000
	auto.offset.reset = latest
	bootstrap.servers = [127.0.0.1:9092]
	check.crcs = true
	client.dns.lookup = use_all_dns_ips
	client.id = consumer-test-consumer-group-1
	client.rack = 
	connections.max.idle.ms = 540000
	default.api.timeout.ms = 60000
	enable.auto.commit = true
	exclude.internal.topics = true
	fetch.max.bytes = 52428800
	fetch.max.wait.ms = 500
	fetch.min.bytes = 1
	group.id = test-consumer-group
	group.instance.id = null
	heartbeat.interval.ms = 3000
	interceptor.classes = []
	internal.leave.group.on.close = true
	internal.throw.on.fetch.stable.offset.unsupported = false
	isolation.level = read_uncommitted
	key.deserializer = class org.apache.kafka.common.serialization.StringDeserializer
	max.partition.fetch.bytes = 1048576
	max.poll.interval.ms = 300000
	max.poll.records = 500
	metadata.max.age.ms = 300000
	metric.reporters = []
	metrics.num.samples = 2
	metrics.recording.level = INFO
	metrics.sample.window.ms = 30000
	partition.assignment.strategy = [class org.apache.kafka.clients.consumer.RangeAssignor, class org.apache.kafka.clients.consumer.CooperativeStickyAssignor]
	receive.buffer.bytes = 65536
	reconnect.backoff.max.ms = 1000
	reconnect.backoff.ms = 50
	request.timeout.ms = 30000
	retry.backoff.ms = 100
	sasl.client.callback.handler.class = null
	sasl.jaas.config = null
	sasl.kerberos.kinit.cmd = /usr/bin/kinit
	sasl.kerberos.min.time.before.relogin = 60000
	sasl.kerberos.service.name = null
	sasl.kerberos.ticket.renew.jitter = 0.05
	sasl.kerberos.ticket.renew.window.factor = 0.8
	sasl.login.callback.handler.class = null
	sasl.login.class = null
	sasl.login.connect.timeout.ms = null
	sasl.login.read.timeout.ms = null
	sasl.login.refresh.buffer.seconds = 300
	sasl.login.refresh.min.period.seconds = 60
	sasl.login.refresh.window.factor = 0.8
	sasl.login.refresh.window.jitter = 0.05
	sasl.login.retry.backoff.max.ms = 10000
	sasl.login.retry.backoff.ms = 100
	sasl.mechanism = GSSAPI
	sasl.oauthbearer.clock.skew.seconds = 30
	sasl.oauthbearer.expected.audience = null
	sasl.oauthbearer.expected.issuer = null
	sasl.oauthbearer.jwks.endpoint.refresh.ms = 3600000
	sasl.oauthbearer.jwks.endpoint.retry.backoff.max.ms = 10000
	sasl.oauthbearer.jwks.endpoint.retry.backoff.ms = 100
	sasl.oauthbearer.jwks.endpoint.url = null
	sasl.oauthbearer.scope.claim.name = scope
	sasl.oauthbearer.sub.claim.name = sub
	sasl.oauthbearer.token.endpoint.url = null
	security.protocol = PLAINTEXT
	security.providers = null
	send.buffer.bytes = 131072
	session.timeout.ms = 45000
	socket.connection.setup.timeout.max.ms = 30000
	socket.connection.setup.timeout.ms = 10000
	ssl.cipher.suites = null
	ssl.enabled.protocols = [TLSv1.2, TLSv1.3]
	ssl.endpoint.identification.algorithm = https
	ssl.engine.factory.class = null
	ssl.key.password = null
	ssl.keymanager.algorithm = SunX509
	ssl.keystore.certificate.chain = null
	ssl.keystore.key = null
	ssl.keystore.location = null
	ssl.keystore.password = null
	ssl.keystore.type = JKS
	ssl.protocol = TLSv1.3
	ssl.provider = null
	ssl.secure.random.implementation = null
	ssl.trustmanager.algorithm = PKIX
	ssl.truststore.certificates = null
	ssl.truststore.location = null
	ssl.truststore.password = null
	ssl.truststore.type = JKS
	value.deserializer = class org.apache.kafka.common.serialization.StringDeserializer

2022-09-01 14:10:29,293 INFO org.apache.kafka.common.utils.AppInfoParser$AppInfo [main] Kafka version: 3.1.1
2022-09-01 14:10:29,294 INFO org.apache.kafka.common.utils.AppInfoParser$AppInfo [main] Kafka commitId: 97671528ba54a138
2022-09-01 14:10:29,295 INFO org.apache.kafka.common.utils.AppInfoParser$AppInfo [main] Kafka startTimeMs: 1662012629292
2022-09-01 14:10:29,298 INFO org.apache.kafka.clients.consumer.KafkaConsumer [main] [Consumer clientId=consumer-test-consumer-group-1, groupId=test-consumer-group] Subscribed to topic(s): test
2022-09-01 14:10:29,320 INFO org.springframework.boot.StartupInfoLogger [main] Started MapperTests in 3.283 seconds (JVM running for 3.879)
2022-09-01 14:10:29,692 INFO org.apache.kafka.clients.NetworkClient [org.springframework.kafka.KafkaListenerEndpointContainer#0-0-C-1] [Consumer clientId=consumer-test-consumer-group-1, groupId=test-consumer-group] Node -1 disconnected.
2022-09-01 14:10:29,694 WARN org.apache.kafka.clients.NetworkClient [org.springframework.kafka.KafkaListenerEndpointContainer#0-0-C-1] [Consumer clientId=consumer-test-consumer-group-1, groupId=test-consumer-group] Connection to node -1 (/127.0.0.1:9092) could not be established. Broker may not be available.
2022-09-01 14:10:29,695 WARN org.apache.kafka.clients.NetworkClient$DefaultMetadataUpdater [org.springframework.kafka.KafkaListenerEndpointContainer#0-0-C-1] [Consumer clientId=consumer-test-consumer-group-1, groupId=test-consumer-group] Bootstrap broker 127.0.0.1:9092 (id: -1 rack: null) disconnected
2022-09-01 14:10:29,801 INFO org.apache.kafka.clients.NetworkClient [org.springframework.kafka.KafkaListenerEndpointContainer#0-0-C-1] [Consumer clientId=consumer-test-consumer-group-1, groupId=test-consumer-group] Node -1 disconnected.
2022-09-01 14:10:29,801 WARN org.apache.kafka.clients.NetworkClient [org.springframework.kafka.KafkaListenerEndpointContainer#0-0-C-1] [Consumer clientId=consumer-test-consumer-group-1, groupId=test-consumer-group] Connection to node -1 (/127.0.0.1:9092) could not be established. Broker may not be available.
2022-09-01 14:10:29,802 WARN org.apache.kafka.clients.NetworkClient$DefaultMetadataUpdater [org.springframework.kafka.KafkaListenerEndpointContainer#0-0-C-1] [Consumer clientId=consumer-test-consumer-group-1, groupId=test-consumer-group] Bootstrap broker 127.0.0.1:9092 (id: -1 rack: null) disconnected
2022-09-01 14:10:29,810 INFO com.zaxxer.hikari.HikariDataSource [main] HikariPool-1 - Starting...
2022-09-01 14:10:29,912 INFO org.apache.kafka.clients.NetworkClient [org.springframework.kafka.KafkaListenerEndpointContainer#0-0-C-1] [Consumer clientId=consumer-test-consumer-group-1, groupId=test-consumer-group] Node -1 disconnected.
2022-09-01 14:10:29,912 WARN org.apache.kafka.clients.NetworkClient [org.springframework.kafka.KafkaListenerEndpointContainer#0-0-C-1] [Consumer clientId=consumer-test-consumer-group-1, groupId=test-consumer-group] Connection to node -1 (/127.0.0.1:9092) could not be established. Broker may not be available.
2022-09-01 14:10:29,912 WARN org.apache.kafka.clients.NetworkClient$DefaultMetadataUpdater [org.springframework.kafka.KafkaListenerEndpointContainer#0-0-C-1] [Consumer clientId=consumer-test-consumer-group-1, groupId=test-consumer-group] Bootstrap broker 127.0.0.1:9092 (id: -1 rack: null) disconnected
2022-09-01 14:10:30,079 INFO com.zaxxer.hikari.HikariDataSource [main] HikariPool-1 - Start completed.
2022-09-01 14:10:30,085 DEBUG org.apache.ibatis.logging.jdbc.BaseJdbcLogger [main] ==>  Preparing: select exists(select 1 from discuss_post where id=? and status!=2)
2022-09-01 14:10:30,113 DEBUG org.apache.ibatis.logging.jdbc.BaseJdbcLogger [main] ==> Parameters: 286(Integer)
2022-09-01 14:10:30,140 DEBUG org.apache.ibatis.logging.jdbc.BaseJdbcLogger [main] <==      Total: 1
2022-09-01 14:10:30,142 INFO org.apache.kafka.clients.NetworkClient [org.springframework.kafka.KafkaListenerEndpointContainer#0-0-C-1] [Consumer clientId=consumer-test-consumer-group-1, groupId=test-consumer-group] Node -1 disconnected.
2022-09-01 14:10:30,142 WARN org.apache.kafka.clients.NetworkClient [org.springframework.kafka.KafkaListenerEndpointContainer#0-0-C-1] [Consumer clientId=consumer-test-consumer-group-1, groupId=test-consumer-group] Connection to node -1 (/127.0.0.1:9092) could not be established. Broker may not be available.
2022-09-01 14:10:30,142 WARN org.apache.kafka.clients.NetworkClient$DefaultMetadataUpdater [org.springframework.kafka.KafkaListenerEndpointContainer#0-0-C-1] [Consumer clientId=consumer-test-consumer-group-1, groupId=test-consumer-group] Bootstrap broker 127.0.0.1:9092 (id: -1 rack: null) disconnected
2022-09-01 14:10:30,153 INFO org.apache.kafka.clients.consumer.internals.AbstractCoordinator [org.springframework.kafka.KafkaListenerEndpointContainer#0-0-C-1] [Consumer clientId=consumer-test-consumer-group-1, groupId=test-consumer-group] Resetting generation due to: consumer pro-actively leaving the group
2022-09-01 14:10:30,153 INFO org.apache.kafka.clients.consumer.internals.AbstractCoordinator [org.springframework.kafka.KafkaListenerEndpointContainer#0-0-C-1] [Consumer clientId=consumer-test-consumer-group-1, groupId=test-consumer-group] Request joining group due to: consumer pro-actively leaving the group
2022-09-01 14:10:30,153 INFO org.apache.kafka.clients.consumer.KafkaConsumer [org.springframework.kafka.KafkaListenerEndpointContainer#0-0-C-1] [Consumer clientId=consumer-test-consumer-group-1, groupId=test-consumer-group] Unsubscribed all topics or patterns and assigned partitions
2022-09-01 14:10:30,154 INFO org.apache.kafka.clients.consumer.internals.AbstractCoordinator [org.springframework.kafka.KafkaListenerEndpointContainer#0-0-C-1] [Consumer clientId=consumer-test-consumer-group-1, groupId=test-consumer-group] Resetting generation due to: consumer pro-actively leaving the group
2022-09-01 14:10:30,154 INFO org.apache.kafka.clients.consumer.internals.AbstractCoordinator [org.springframework.kafka.KafkaListenerEndpointContainer#0-0-C-1] [Consumer clientId=consumer-test-consumer-group-1, groupId=test-consumer-group] Request joining group due to: consumer pro-actively leaving the group
2022-09-01 14:10:30,154 INFO org.apache.kafka.common.metrics.Metrics [org.springframework.kafka.KafkaListenerEndpointContainer#0-0-C-1] Metrics scheduler closed
2022-09-01 14:10:30,155 INFO org.apache.kafka.common.metrics.Metrics [org.springframework.kafka.KafkaListenerEndpointContainer#0-0-C-1] Closing reporter org.apache.kafka.common.metrics.JmxReporter
2022-09-01 14:10:30,155 INFO org.apache.kafka.common.metrics.Metrics [org.springframework.kafka.KafkaListenerEndpointContainer#0-0-C-1] Metrics reporters closed
2022-09-01 14:10:30,157 INFO org.apache.kafka.common.utils.AppInfoParser [org.springframework.kafka.KafkaListenerEndpointContainer#0-0-C-1] App info kafka.consumer for consumer-test-consumer-group-1 unregistered
2022-09-01 14:10:30,158 INFO org.springframework.core.log.LogAccessor [org.springframework.kafka.KafkaListenerEndpointContainer#0-0-C-1] test-consumer-group: Consumer stopped
2022-09-01 14:10:30,162 INFO com.zaxxer.hikari.HikariDataSource [SpringApplicationShutdownHook] HikariPool-1 - Shutdown initiated...
2022-09-01 14:10:30,166 INFO com.zaxxer.hikari.HikariDataSource [SpringApplicationShutdownHook] HikariPool-1 - Shutdown completed.
2022-09-01 14:10:46,004 INFO org.springframework.boot.StartupInfoLogger [main] Starting MapperTests using Java 17.0.3.1 on DESKTOP-HMJCEQP with PID 41776 (started by admin in D:\GitHub\community-project\community-server)
2022-09-01 14:10:46,006 DEBUG org.springframework.boot.StartupInfoLogger [main] Running with Spring Boot v2.7.2, Spring v5.3.22
2022-09-01 14:10:46,006 INFO org.springframework.boot.SpringApplication [main] No active profile set, falling back to 1 default profile: "default"
2022-09-01 14:10:46,523 INFO org.springframework.data.repository.config.RepositoryConfigurationDelegate [main] Multiple Spring Data modules found, entering strict repository configuration mode
2022-09-01 14:10:46,525 INFO org.springframework.data.repository.config.RepositoryConfigurationDelegate [main] Bootstrapping Spring Data Redis repositories in DEFAULT mode.
2022-09-01 14:10:46,549 INFO org.springframework.data.repository.config.RepositoryConfigurationDelegate [main] Finished Spring Data repository scanning in 12 ms. Found 0 Redis repository interfaces.
2022-09-01 14:10:47,641 WARN org.springframework.boot.autoconfigure.thymeleaf.ThymeleafAutoConfiguration$DefaultTemplateResolverConfiguration [main] Cannot find template location: classpath:/templates/ (please add some templates or check your Thymeleaf configuration)
2022-09-01 14:10:48,671 INFO org.apache.kafka.common.config.AbstractConfig [main] ConsumerConfig values: 
	allow.auto.create.topics = true
	auto.commit.interval.ms = 3000
	auto.offset.reset = latest
	bootstrap.servers = [127.0.0.1:9092]
	check.crcs = true
	client.dns.lookup = use_all_dns_ips
	client.id = consumer-test-consumer-group-1
	client.rack = 
	connections.max.idle.ms = 540000
	default.api.timeout.ms = 60000
	enable.auto.commit = true
	exclude.internal.topics = true
	fetch.max.bytes = 52428800
	fetch.max.wait.ms = 500
	fetch.min.bytes = 1
	group.id = test-consumer-group
	group.instance.id = null
	heartbeat.interval.ms = 3000
	interceptor.classes = []
	internal.leave.group.on.close = true
	internal.throw.on.fetch.stable.offset.unsupported = false
	isolation.level = read_uncommitted
	key.deserializer = class org.apache.kafka.common.serialization.StringDeserializer
	max.partition.fetch.bytes = 1048576
	max.poll.interval.ms = 300000
	max.poll.records = 500
	metadata.max.age.ms = 300000
	metric.reporters = []
	metrics.num.samples = 2
	metrics.recording.level = INFO
	metrics.sample.window.ms = 30000
	partition.assignment.strategy = [class org.apache.kafka.clients.consumer.RangeAssignor, class org.apache.kafka.clients.consumer.CooperativeStickyAssignor]
	receive.buffer.bytes = 65536
	reconnect.backoff.max.ms = 1000
	reconnect.backoff.ms = 50
	request.timeout.ms = 30000
	retry.backoff.ms = 100
	sasl.client.callback.handler.class = null
	sasl.jaas.config = null
	sasl.kerberos.kinit.cmd = /usr/bin/kinit
	sasl.kerberos.min.time.before.relogin = 60000
	sasl.kerberos.service.name = null
	sasl.kerberos.ticket.renew.jitter = 0.05
	sasl.kerberos.ticket.renew.window.factor = 0.8
	sasl.login.callback.handler.class = null
	sasl.login.class = null
	sasl.login.connect.timeout.ms = null
	sasl.login.read.timeout.ms = null
	sasl.login.refresh.buffer.seconds = 300
	sasl.login.refresh.min.period.seconds = 60
	sasl.login.refresh.window.factor = 0.8
	sasl.login.refresh.window.jitter = 0.05
	sasl.login.retry.backoff.max.ms = 10000
	sasl.login.retry.backoff.ms = 100
	sasl.mechanism = GSSAPI
	sasl.oauthbearer.clock.skew.seconds = 30
	sasl.oauthbearer.expected.audience = null
	sasl.oauthbearer.expected.issuer = null
	sasl.oauthbearer.jwks.endpoint.refresh.ms = 3600000
	sasl.oauthbearer.jwks.endpoint.retry.backoff.max.ms = 10000
	sasl.oauthbearer.jwks.endpoint.retry.backoff.ms = 100
	sasl.oauthbearer.jwks.endpoint.url = null
	sasl.oauthbearer.scope.claim.name = scope
	sasl.oauthbearer.sub.claim.name = sub
	sasl.oauthbearer.token.endpoint.url = null
	security.protocol = PLAINTEXT
	security.providers = null
	send.buffer.bytes = 131072
	session.timeout.ms = 45000
	socket.connection.setup.timeout.max.ms = 30000
	socket.connection.setup.timeout.ms = 10000
	ssl.cipher.suites = null
	ssl.enabled.protocols = [TLSv1.2, TLSv1.3]
	ssl.endpoint.identification.algorithm = https
	ssl.engine.factory.class = null
	ssl.key.password = null
	ssl.keymanager.algorithm = SunX509
	ssl.keystore.certificate.chain = null
	ssl.keystore.key = null
	ssl.keystore.location = null
	ssl.keystore.password = null
	ssl.keystore.type = JKS
	ssl.protocol = TLSv1.3
	ssl.provider = null
	ssl.secure.random.implementation = null
	ssl.trustmanager.algorithm = PKIX
	ssl.truststore.certificates = null
	ssl.truststore.location = null
	ssl.truststore.password = null
	ssl.truststore.type = JKS
	value.deserializer = class org.apache.kafka.common.serialization.StringDeserializer

2022-09-01 14:10:48,814 INFO org.apache.kafka.common.utils.AppInfoParser$AppInfo [main] Kafka version: 3.1.1
2022-09-01 14:10:48,816 INFO org.apache.kafka.common.utils.AppInfoParser$AppInfo [main] Kafka commitId: 97671528ba54a138
2022-09-01 14:10:48,816 INFO org.apache.kafka.common.utils.AppInfoParser$AppInfo [main] Kafka startTimeMs: 1662012648814
2022-09-01 14:10:48,819 INFO org.apache.kafka.clients.consumer.KafkaConsumer [main] [Consumer clientId=consumer-test-consumer-group-1, groupId=test-consumer-group] Subscribed to topic(s): test
2022-09-01 14:10:48,840 INFO org.springframework.boot.StartupInfoLogger [main] Started MapperTests in 3.12 seconds (JVM running for 3.716)
2022-09-01 14:10:49,157 INFO org.apache.kafka.clients.NetworkClient [org.springframework.kafka.KafkaListenerEndpointContainer#0-0-C-1] [Consumer clientId=consumer-test-consumer-group-1, groupId=test-consumer-group] Node -1 disconnected.
2022-09-01 14:10:49,159 WARN org.apache.kafka.clients.NetworkClient [org.springframework.kafka.KafkaListenerEndpointContainer#0-0-C-1] [Consumer clientId=consumer-test-consumer-group-1, groupId=test-consumer-group] Connection to node -1 (/127.0.0.1:9092) could not be established. Broker may not be available.
2022-09-01 14:10:49,159 WARN org.apache.kafka.clients.NetworkClient$DefaultMetadataUpdater [org.springframework.kafka.KafkaListenerEndpointContainer#0-0-C-1] [Consumer clientId=consumer-test-consumer-group-1, groupId=test-consumer-group] Bootstrap broker 127.0.0.1:9092 (id: -1 rack: null) disconnected
2022-09-01 14:10:49,269 INFO org.apache.kafka.clients.NetworkClient [org.springframework.kafka.KafkaListenerEndpointContainer#0-0-C-1] [Consumer clientId=consumer-test-consumer-group-1, groupId=test-consumer-group] Node -1 disconnected.
2022-09-01 14:10:49,270 WARN org.apache.kafka.clients.NetworkClient [org.springframework.kafka.KafkaListenerEndpointContainer#0-0-C-1] [Consumer clientId=consumer-test-consumer-group-1, groupId=test-consumer-group] Connection to node -1 (/127.0.0.1:9092) could not be established. Broker may not be available.
2022-09-01 14:10:49,270 WARN org.apache.kafka.clients.NetworkClient$DefaultMetadataUpdater [org.springframework.kafka.KafkaListenerEndpointContainer#0-0-C-1] [Consumer clientId=consumer-test-consumer-group-1, groupId=test-consumer-group] Bootstrap broker 127.0.0.1:9092 (id: -1 rack: null) disconnected
2022-09-01 14:10:49,271 INFO com.zaxxer.hikari.HikariDataSource [main] HikariPool-1 - Starting...
2022-09-01 14:10:49,449 INFO org.apache.kafka.clients.NetworkClient [org.springframework.kafka.KafkaListenerEndpointContainer#0-0-C-1] [Consumer clientId=consumer-test-consumer-group-1, groupId=test-consumer-group] Node -1 disconnected.
2022-09-01 14:10:49,449 WARN org.apache.kafka.clients.NetworkClient [org.springframework.kafka.KafkaListenerEndpointContainer#0-0-C-1] [Consumer clientId=consumer-test-consumer-group-1, groupId=test-consumer-group] Connection to node -1 (/127.0.0.1:9092) could not be established. Broker may not be available.
2022-09-01 14:10:49,450 WARN org.apache.kafka.clients.NetworkClient$DefaultMetadataUpdater [org.springframework.kafka.KafkaListenerEndpointContainer#0-0-C-1] [Consumer clientId=consumer-test-consumer-group-1, groupId=test-consumer-group] Bootstrap broker 127.0.0.1:9092 (id: -1 rack: null) disconnected
2022-09-01 14:10:49,558 INFO com.zaxxer.hikari.HikariDataSource [main] HikariPool-1 - Start completed.
2022-09-01 14:10:49,565 DEBUG org.apache.ibatis.logging.jdbc.BaseJdbcLogger [main] ==>  Preparing: select exists(select 1 from discuss_post where id=? and status!=2)
2022-09-01 14:10:49,588 DEBUG org.apache.ibatis.logging.jdbc.BaseJdbcLogger [main] ==> Parameters: 285(Integer)
2022-09-01 14:10:49,610 DEBUG org.apache.ibatis.logging.jdbc.BaseJdbcLogger [main] <==      Total: 1
2022-09-01 14:10:49,623 INFO org.apache.kafka.clients.consumer.internals.AbstractCoordinator [org.springframework.kafka.KafkaListenerEndpointContainer#0-0-C-1] [Consumer clientId=consumer-test-consumer-group-1, groupId=test-consumer-group] Resetting generation due to: consumer pro-actively leaving the group
2022-09-01 14:10:49,623 INFO org.apache.kafka.clients.consumer.internals.AbstractCoordinator [org.springframework.kafka.KafkaListenerEndpointContainer#0-0-C-1] [Consumer clientId=consumer-test-consumer-group-1, groupId=test-consumer-group] Request joining group due to: consumer pro-actively leaving the group
2022-09-01 14:10:49,623 INFO org.apache.kafka.clients.consumer.KafkaConsumer [org.springframework.kafka.KafkaListenerEndpointContainer#0-0-C-1] [Consumer clientId=consumer-test-consumer-group-1, groupId=test-consumer-group] Unsubscribed all topics or patterns and assigned partitions
2022-09-01 14:10:49,624 INFO org.apache.kafka.clients.consumer.internals.AbstractCoordinator [org.springframework.kafka.KafkaListenerEndpointContainer#0-0-C-1] [Consumer clientId=consumer-test-consumer-group-1, groupId=test-consumer-group] Resetting generation due to: consumer pro-actively leaving the group
2022-09-01 14:10:49,624 INFO org.apache.kafka.clients.consumer.internals.AbstractCoordinator [org.springframework.kafka.KafkaListenerEndpointContainer#0-0-C-1] [Consumer clientId=consumer-test-consumer-group-1, groupId=test-consumer-group] Request joining group due to: consumer pro-actively leaving the group
2022-09-01 14:10:49,624 INFO org.apache.kafka.common.metrics.Metrics [org.springframework.kafka.KafkaListenerEndpointContainer#0-0-C-1] Metrics scheduler closed
2022-09-01 14:10:49,625 INFO org.apache.kafka.common.metrics.Metrics [org.springframework.kafka.KafkaListenerEndpointContainer#0-0-C-1] Closing reporter org.apache.kafka.common.metrics.JmxReporter
2022-09-01 14:10:49,625 INFO org.apache.kafka.common.metrics.Metrics [org.springframework.kafka.KafkaListenerEndpointContainer#0-0-C-1] Metrics reporters closed
2022-09-01 14:10:49,627 INFO org.apache.kafka.common.utils.AppInfoParser [org.springframework.kafka.KafkaListenerEndpointContainer#0-0-C-1] App info kafka.consumer for consumer-test-consumer-group-1 unregistered
2022-09-01 14:10:49,628 INFO org.springframework.core.log.LogAccessor [org.springframework.kafka.KafkaListenerEndpointContainer#0-0-C-1] test-consumer-group: Consumer stopped
2022-09-01 14:10:49,631 INFO com.zaxxer.hikari.HikariDataSource [SpringApplicationShutdownHook] HikariPool-1 - Shutdown initiated...
2022-09-01 14:10:49,635 INFO com.zaxxer.hikari.HikariDataSource [SpringApplicationShutdownHook] HikariPool-1 - Shutdown completed.
