2022-08-14 11:02:48,412 INFO org.springframework.boot.StartupInfoLogger [main] Starting MapperTests using Java 17.0.3.1 on DESKTOP-HMJCEQP with PID 18164 (started by admin in D:\GitHub\nowcoder-project\community-server)
2022-08-14 11:02:48,413 DEBUG org.springframework.boot.StartupInfoLogger [main] Running with Spring Boot v2.7.2, Spring v5.3.22
2022-08-14 11:02:48,414 INFO org.springframework.boot.SpringApplication [main] No active profile set, falling back to 1 default profile: "default"
2022-08-14 11:02:48,897 INFO org.springframework.data.repository.config.RepositoryConfigurationDelegate [main] Multiple Spring Data modules found, entering strict repository configuration mode
2022-08-14 11:02:48,901 INFO org.springframework.data.repository.config.RepositoryConfigurationDelegate [main] Bootstrapping Spring Data Redis repositories in DEFAULT mode.
2022-08-14 11:02:48,922 INFO org.springframework.data.repository.config.RepositoryConfigurationDelegate [main] Finished Spring Data repository scanning in 8 ms. Found 0 Redis repository interfaces.
2022-08-14 11:02:49,564 WARN org.springframework.boot.autoconfigure.thymeleaf.ThymeleafAutoConfiguration$DefaultTemplateResolverConfiguration [main] Cannot find template location: classpath:/templates/ (please add some templates or check your Thymeleaf configuration)
2022-08-14 11:02:50,622 INFO org.springframework.boot.StartupInfoLogger [main] Started MapperTests in 2.496 seconds (JVM running for 3.073)
2022-08-14 11:02:51,037 INFO com.zaxxer.hikari.HikariDataSource [main] HikariPool-1 - Starting...
2022-08-14 11:02:51,344 INFO com.zaxxer.hikari.HikariDataSource [main] HikariPool-1 - Start completed.
2022-08-14 11:02:51,351 DEBUG org.apache.ibatis.logging.jdbc.BaseJdbcLogger [main] ==>  Preparing: select id, user_id, title, type, comment_count, score, like_count, create_time from discuss_post WHERE status != 2
2022-08-14 11:02:51,373 DEBUG org.apache.ibatis.logging.jdbc.BaseJdbcLogger [main] ==> Parameters: 
2022-08-14 11:02:51,426 DEBUG org.apache.ibatis.logging.jdbc.BaseJdbcLogger [main] <==      Total: 150
2022-08-14 11:02:51,673 INFO com.zaxxer.hikari.HikariDataSource [SpringApplicationShutdownHook] HikariPool-1 - Shutdown initiated...
2022-08-14 11:02:51,686 INFO com.zaxxer.hikari.HikariDataSource [SpringApplicationShutdownHook] HikariPool-1 - Shutdown completed.
2022-08-14 11:14:42,942 INFO org.springframework.boot.StartupInfoLogger [main] Starting MapperTests using Java 17.0.3.1 on DESKTOP-HMJCEQP with PID 23104 (started by admin in D:\GitHub\nowcoder-project\community-server)
2022-08-14 11:14:42,943 DEBUG org.springframework.boot.StartupInfoLogger [main] Running with Spring Boot v2.7.2, Spring v5.3.22
2022-08-14 11:14:42,944 INFO org.springframework.boot.SpringApplication [main] No active profile set, falling back to 1 default profile: "default"
2022-08-14 11:14:43,422 INFO org.springframework.data.repository.config.RepositoryConfigurationDelegate [main] Multiple Spring Data modules found, entering strict repository configuration mode
2022-08-14 11:14:43,426 INFO org.springframework.data.repository.config.RepositoryConfigurationDelegate [main] Bootstrapping Spring Data Redis repositories in DEFAULT mode.
2022-08-14 11:14:43,448 INFO org.springframework.data.repository.config.RepositoryConfigurationDelegate [main] Finished Spring Data repository scanning in 9 ms. Found 0 Redis repository interfaces.
2022-08-14 11:14:44,124 WARN org.springframework.boot.autoconfigure.thymeleaf.ThymeleafAutoConfiguration$DefaultTemplateResolverConfiguration [main] Cannot find template location: classpath:/templates/ (please add some templates or check your Thymeleaf configuration)
2022-08-14 11:14:45,203 INFO org.springframework.boot.StartupInfoLogger [main] Started MapperTests in 2.562 seconds (JVM running for 3.141)
2022-08-14 11:14:45,604 INFO com.zaxxer.hikari.HikariDataSource [main] HikariPool-1 - Starting...
2022-08-14 11:14:45,907 INFO com.zaxxer.hikari.HikariDataSource [main] HikariPool-1 - Start completed.
2022-08-14 11:14:45,915 DEBUG org.apache.ibatis.logging.jdbc.BaseJdbcLogger [main] ==>  Preparing: select id, user_id, title, type, comment_count, score, like_count, create_time from discuss_post WHERE status != 2
2022-08-14 11:14:45,938 DEBUG org.apache.ibatis.logging.jdbc.BaseJdbcLogger [main] ==> Parameters: 
2022-08-14 11:14:45,985 DEBUG org.apache.ibatis.logging.jdbc.BaseJdbcLogger [main] <==      Total: 150
2022-08-14 11:14:46,124 DEBUG org.apache.ibatis.logging.jdbc.BaseJdbcLogger [main] ==>  Preparing: select id, username, password, salt, email, type, status, activation_code, header_url, create_time from user where id in ( ? , ? , ? , ? , ? , ? , ? , ? , ? , ? , ? , ? , ? , ? , ? )
2022-08-14 11:14:46,125 DEBUG org.apache.ibatis.logging.jdbc.BaseJdbcLogger [main] ==> Parameters: 101(Integer), 102(Integer), 103(Integer), 111(Integer), 112(Integer), 131(Integer), 132(Integer), 133(Integer), 134(Integer), 138(Integer), 145(Integer), 146(Integer), 11(Integer), 149(Integer), 0(Integer)
2022-08-14 11:14:46,131 DEBUG org.apache.ibatis.logging.jdbc.BaseJdbcLogger [main] <==      Total: 14
2022-08-14 11:14:46,169 INFO com.zaxxer.hikari.HikariDataSource [SpringApplicationShutdownHook] HikariPool-1 - Shutdown initiated...
2022-08-14 11:14:46,187 INFO com.zaxxer.hikari.HikariDataSource [SpringApplicationShutdownHook] HikariPool-1 - Shutdown completed.
2022-08-14 11:22:31,478 INFO org.springframework.boot.StartupInfoLogger [main] Starting MapperTests using Java 17.0.3.1 on DESKTOP-HMJCEQP with PID 17900 (started by admin in D:\GitHub\nowcoder-project\community-server)
2022-08-14 11:22:31,479 DEBUG org.springframework.boot.StartupInfoLogger [main] Running with Spring Boot v2.7.2, Spring v5.3.22
2022-08-14 11:22:31,479 INFO org.springframework.boot.SpringApplication [main] No active profile set, falling back to 1 default profile: "default"
2022-08-14 11:22:31,963 INFO org.springframework.data.repository.config.RepositoryConfigurationDelegate [main] Multiple Spring Data modules found, entering strict repository configuration mode
2022-08-14 11:22:31,968 INFO org.springframework.data.repository.config.RepositoryConfigurationDelegate [main] Bootstrapping Spring Data Redis repositories in DEFAULT mode.
2022-08-14 11:22:31,992 INFO org.springframework.data.repository.config.RepositoryConfigurationDelegate [main] Finished Spring Data repository scanning in 9 ms. Found 0 Redis repository interfaces.
2022-08-14 11:22:32,631 WARN org.springframework.boot.autoconfigure.thymeleaf.ThymeleafAutoConfiguration$DefaultTemplateResolverConfiguration [main] Cannot find template location: classpath:/templates/ (please add some templates or check your Thymeleaf configuration)
2022-08-14 11:22:33,688 INFO org.springframework.boot.StartupInfoLogger [main] Started MapperTests in 2.496 seconds (JVM running for 3.056)
2022-08-14 11:22:34,108 INFO com.zaxxer.hikari.HikariDataSource [main] HikariPool-1 - Starting...
2022-08-14 11:22:34,424 INFO com.zaxxer.hikari.HikariDataSource [main] HikariPool-1 - Start completed.
2022-08-14 11:22:34,431 DEBUG org.apache.ibatis.logging.jdbc.BaseJdbcLogger [main] ==>  Preparing: select id, user_id, title, type, comment_count, score, like_count, create_time from discuss_post WHERE status != 2
2022-08-14 11:22:34,455 DEBUG org.apache.ibatis.logging.jdbc.BaseJdbcLogger [main] ==> Parameters: 
2022-08-14 11:22:34,504 DEBUG org.apache.ibatis.logging.jdbc.BaseJdbcLogger [main] <==      Total: 150
2022-08-14 11:22:34,647 DEBUG org.apache.ibatis.logging.jdbc.BaseJdbcLogger [main] ==>  Preparing: select id, username, password, salt, email, type, status, activation_code, header_url, create_time from user where id in ( ? , ? , ? , ? , ? , ? , ? , ? , ? , ? , ? , ? , ? , ? , ? )
2022-08-14 11:22:34,649 DEBUG org.apache.ibatis.logging.jdbc.BaseJdbcLogger [main] ==> Parameters: 101(Integer), 102(Integer), 103(Integer), 111(Integer), 112(Integer), 131(Integer), 132(Integer), 133(Integer), 134(Integer), 138(Integer), 145(Integer), 146(Integer), 11(Integer), 149(Integer), 0(Integer)
2022-08-14 11:22:34,654 DEBUG org.apache.ibatis.logging.jdbc.BaseJdbcLogger [main] <==      Total: 14
2022-08-14 11:22:34,691 INFO com.zaxxer.hikari.HikariDataSource [SpringApplicationShutdownHook] HikariPool-1 - Shutdown initiated...
2022-08-14 11:22:34,710 INFO com.zaxxer.hikari.HikariDataSource [SpringApplicationShutdownHook] HikariPool-1 - Shutdown completed.
2022-08-14 11:23:06,250 INFO org.springframework.boot.StartupInfoLogger [main] Starting MapperTests using Java 17.0.3.1 on DESKTOP-HMJCEQP with PID 12952 (started by admin in D:\GitHub\nowcoder-project\community-server)
2022-08-14 11:23:06,251 DEBUG org.springframework.boot.StartupInfoLogger [main] Running with Spring Boot v2.7.2, Spring v5.3.22
2022-08-14 11:23:06,252 INFO org.springframework.boot.SpringApplication [main] No active profile set, falling back to 1 default profile: "default"
2022-08-14 11:23:06,736 INFO org.springframework.data.repository.config.RepositoryConfigurationDelegate [main] Multiple Spring Data modules found, entering strict repository configuration mode
2022-08-14 11:23:06,739 INFO org.springframework.data.repository.config.RepositoryConfigurationDelegate [main] Bootstrapping Spring Data Redis repositories in DEFAULT mode.
2022-08-14 11:23:06,763 INFO org.springframework.data.repository.config.RepositoryConfigurationDelegate [main] Finished Spring Data repository scanning in 10 ms. Found 0 Redis repository interfaces.
2022-08-14 11:23:07,440 WARN org.springframework.boot.autoconfigure.thymeleaf.ThymeleafAutoConfiguration$DefaultTemplateResolverConfiguration [main] Cannot find template location: classpath:/templates/ (please add some templates or check your Thymeleaf configuration)
2022-08-14 11:23:08,483 INFO org.springframework.boot.StartupInfoLogger [main] Started MapperTests in 2.515 seconds (JVM running for 3.107)
2022-08-14 11:23:08,857 INFO com.zaxxer.hikari.HikariDataSource [main] HikariPool-1 - Starting...
2022-08-14 11:23:09,162 INFO com.zaxxer.hikari.HikariDataSource [main] HikariPool-1 - Start completed.
2022-08-14 11:23:09,168 DEBUG org.apache.ibatis.logging.jdbc.BaseJdbcLogger [main] ==>  Preparing: select id, user_id, title, type, comment_count, score, like_count, create_time from discuss_post WHERE status != 2
2022-08-14 11:23:09,190 DEBUG org.apache.ibatis.logging.jdbc.BaseJdbcLogger [main] ==> Parameters: 
2022-08-14 11:23:09,241 DEBUG org.apache.ibatis.logging.jdbc.BaseJdbcLogger [main] <==      Total: 150
2022-08-14 11:23:09,387 DEBUG org.apache.ibatis.logging.jdbc.BaseJdbcLogger [main] ==>  Preparing: select id, username, password, salt, email, type, status, activation_code, header_url, create_time from user where id in ( ? , ? , ? , ? , ? , ? , ? , ? , ? , ? , ? , ? , ? , ? , ? )
2022-08-14 11:23:09,388 DEBUG org.apache.ibatis.logging.jdbc.BaseJdbcLogger [main] ==> Parameters: 101(Integer), 102(Integer), 103(Integer), 111(Integer), 112(Integer), 131(Integer), 132(Integer), 133(Integer), 134(Integer), 138(Integer), 145(Integer), 146(Integer), 11(Integer), 149(Integer), 0(Integer)
2022-08-14 11:23:09,393 DEBUG org.apache.ibatis.logging.jdbc.BaseJdbcLogger [main] <==      Total: 14
2022-08-14 11:23:09,451 INFO com.zaxxer.hikari.HikariDataSource [SpringApplicationShutdownHook] HikariPool-1 - Shutdown initiated...
2022-08-14 11:23:09,465 INFO com.zaxxer.hikari.HikariDataSource [SpringApplicationShutdownHook] HikariPool-1 - Shutdown completed.
2022-08-14 11:27:17,385 INFO org.springframework.boot.StartupInfoLogger [main] Starting MapperTests using Java 17.0.3.1 on DESKTOP-HMJCEQP with PID 5912 (started by admin in D:\GitHub\nowcoder-project\community-server)
2022-08-14 11:27:17,386 DEBUG org.springframework.boot.StartupInfoLogger [main] Running with Spring Boot v2.7.2, Spring v5.3.22
2022-08-14 11:27:17,386 INFO org.springframework.boot.SpringApplication [main] No active profile set, falling back to 1 default profile: "default"
2022-08-14 11:27:17,864 INFO org.springframework.data.repository.config.RepositoryConfigurationDelegate [main] Multiple Spring Data modules found, entering strict repository configuration mode
2022-08-14 11:27:17,867 INFO org.springframework.data.repository.config.RepositoryConfigurationDelegate [main] Bootstrapping Spring Data Redis repositories in DEFAULT mode.
2022-08-14 11:27:17,887 INFO org.springframework.data.repository.config.RepositoryConfigurationDelegate [main] Finished Spring Data repository scanning in 9 ms. Found 0 Redis repository interfaces.
2022-08-14 11:27:18,583 WARN org.springframework.boot.autoconfigure.thymeleaf.ThymeleafAutoConfiguration$DefaultTemplateResolverConfiguration [main] Cannot find template location: classpath:/templates/ (please add some templates or check your Thymeleaf configuration)
2022-08-14 11:27:19,666 INFO org.springframework.boot.StartupInfoLogger [main] Started MapperTests in 2.56 seconds (JVM running for 3.127)
2022-08-14 11:27:20,032 INFO com.zaxxer.hikari.HikariDataSource [main] HikariPool-1 - Starting...
2022-08-14 11:27:20,337 INFO com.zaxxer.hikari.HikariDataSource [main] HikariPool-1 - Start completed.
2022-08-14 11:27:20,345 DEBUG org.apache.ibatis.logging.jdbc.BaseJdbcLogger [main] ==>  Preparing: select id, user_id, title, type, comment_count, score, like_count, create_time from discuss_post WHERE status != 2
2022-08-14 11:27:20,366 DEBUG org.apache.ibatis.logging.jdbc.BaseJdbcLogger [main] ==> Parameters: 
2022-08-14 11:27:20,418 DEBUG org.apache.ibatis.logging.jdbc.BaseJdbcLogger [main] <==      Total: 150
2022-08-14 11:27:20,568 DEBUG org.apache.ibatis.logging.jdbc.BaseJdbcLogger [main] ==>  Preparing: select id, username, password, salt, email, type, status, activation_code, header_url, create_time from user where id in ( ? , ? , ? , ? , ? , ? , ? , ? , ? , ? , ? , ? , ? , ? , ? )
2022-08-14 11:27:20,569 DEBUG org.apache.ibatis.logging.jdbc.BaseJdbcLogger [main] ==> Parameters: 101(Integer), 102(Integer), 103(Integer), 111(Integer), 112(Integer), 131(Integer), 132(Integer), 133(Integer), 134(Integer), 138(Integer), 145(Integer), 146(Integer), 11(Integer), 149(Integer), 0(Integer)
2022-08-14 11:27:20,574 DEBUG org.apache.ibatis.logging.jdbc.BaseJdbcLogger [main] <==      Total: 14
2022-08-14 11:27:20,622 INFO com.zaxxer.hikari.HikariDataSource [SpringApplicationShutdownHook] HikariPool-1 - Shutdown initiated...
2022-08-14 11:27:20,636 INFO com.zaxxer.hikari.HikariDataSource [SpringApplicationShutdownHook] HikariPool-1 - Shutdown completed.
2022-08-14 11:27:37,515 INFO org.springframework.boot.StartupInfoLogger [main] Starting MapperTests using Java 17.0.3.1 on DESKTOP-HMJCEQP with PID 26068 (started by admin in D:\GitHub\nowcoder-project\community-server)
2022-08-14 11:27:37,516 DEBUG org.springframework.boot.StartupInfoLogger [main] Running with Spring Boot v2.7.2, Spring v5.3.22
2022-08-14 11:27:37,516 INFO org.springframework.boot.SpringApplication [main] No active profile set, falling back to 1 default profile: "default"
2022-08-14 11:27:37,998 INFO org.springframework.data.repository.config.RepositoryConfigurationDelegate [main] Multiple Spring Data modules found, entering strict repository configuration mode
2022-08-14 11:27:38,001 INFO org.springframework.data.repository.config.RepositoryConfigurationDelegate [main] Bootstrapping Spring Data Redis repositories in DEFAULT mode.
2022-08-14 11:27:38,021 INFO org.springframework.data.repository.config.RepositoryConfigurationDelegate [main] Finished Spring Data repository scanning in 9 ms. Found 0 Redis repository interfaces.
2022-08-14 11:27:38,657 WARN org.springframework.boot.autoconfigure.thymeleaf.ThymeleafAutoConfiguration$DefaultTemplateResolverConfiguration [main] Cannot find template location: classpath:/templates/ (please add some templates or check your Thymeleaf configuration)
2022-08-14 11:27:39,605 INFO org.springframework.boot.StartupInfoLogger [main] Started MapperTests in 2.372 seconds (JVM running for 2.937)
2022-08-14 11:27:40,006 INFO com.zaxxer.hikari.HikariDataSource [main] HikariPool-1 - Starting...
2022-08-14 11:27:40,309 INFO com.zaxxer.hikari.HikariDataSource [main] HikariPool-1 - Start completed.
2022-08-14 11:27:40,317 DEBUG org.apache.ibatis.logging.jdbc.BaseJdbcLogger [main] ==>  Preparing: select id, user_id, title, type, comment_count, score, like_count, create_time from discuss_post WHERE status != 2
2022-08-14 11:27:40,339 DEBUG org.apache.ibatis.logging.jdbc.BaseJdbcLogger [main] ==> Parameters: 
2022-08-14 11:27:40,387 DEBUG org.apache.ibatis.logging.jdbc.BaseJdbcLogger [main] <==      Total: 150
2022-08-14 11:27:40,531 DEBUG org.apache.ibatis.logging.jdbc.BaseJdbcLogger [main] ==>  Preparing: select id, username, password, salt, email, type, status, activation_code, header_url, create_time from user where id in ( ? , ? , ? , ? , ? , ? , ? , ? , ? , ? , ? , ? , ? , ? , ? )
2022-08-14 11:27:40,533 DEBUG org.apache.ibatis.logging.jdbc.BaseJdbcLogger [main] ==> Parameters: 101(Integer), 102(Integer), 103(Integer), 111(Integer), 112(Integer), 131(Integer), 132(Integer), 133(Integer), 134(Integer), 138(Integer), 145(Integer), 146(Integer), 11(Integer), 149(Integer), 0(Integer)
2022-08-14 11:27:40,538 DEBUG org.apache.ibatis.logging.jdbc.BaseJdbcLogger [main] <==      Total: 14
2022-08-14 11:27:40,588 INFO com.zaxxer.hikari.HikariDataSource [SpringApplicationShutdownHook] HikariPool-1 - Shutdown initiated...
2022-08-14 11:27:40,601 INFO com.zaxxer.hikari.HikariDataSource [SpringApplicationShutdownHook] HikariPool-1 - Shutdown completed.
2022-08-14 11:31:04,842 INFO org.springframework.boot.StartupInfoLogger [main] Starting MapperTests using Java 17.0.3.1 on DESKTOP-HMJCEQP with PID 6536 (started by admin in D:\GitHub\nowcoder-project\community-server)
2022-08-14 11:31:04,843 DEBUG org.springframework.boot.StartupInfoLogger [main] Running with Spring Boot v2.7.2, Spring v5.3.22
2022-08-14 11:31:04,844 INFO org.springframework.boot.SpringApplication [main] No active profile set, falling back to 1 default profile: "default"
2022-08-14 11:31:05,329 INFO org.springframework.data.repository.config.RepositoryConfigurationDelegate [main] Multiple Spring Data modules found, entering strict repository configuration mode
2022-08-14 11:31:05,333 INFO org.springframework.data.repository.config.RepositoryConfigurationDelegate [main] Bootstrapping Spring Data Redis repositories in DEFAULT mode.
2022-08-14 11:31:05,356 INFO org.springframework.data.repository.config.RepositoryConfigurationDelegate [main] Finished Spring Data repository scanning in 10 ms. Found 0 Redis repository interfaces.
2022-08-14 11:31:06,015 WARN org.springframework.boot.autoconfigure.thymeleaf.ThymeleafAutoConfiguration$DefaultTemplateResolverConfiguration [main] Cannot find template location: classpath:/templates/ (please add some templates or check your Thymeleaf configuration)
2022-08-14 11:31:07,130 INFO org.springframework.boot.StartupInfoLogger [main] Started MapperTests in 2.577 seconds (JVM running for 3.134)
2022-08-14 11:31:07,519 INFO com.zaxxer.hikari.HikariDataSource [main] HikariPool-1 - Starting...
2022-08-14 11:31:07,829 INFO com.zaxxer.hikari.HikariDataSource [main] HikariPool-1 - Start completed.
2022-08-14 11:31:07,838 DEBUG org.apache.ibatis.logging.jdbc.BaseJdbcLogger [main] ==>  Preparing: select id, user_id, title, type, comment_count, score, like_count, create_time from discuss_post WHERE status != 2
2022-08-14 11:31:07,861 DEBUG org.apache.ibatis.logging.jdbc.BaseJdbcLogger [main] ==> Parameters: 
2022-08-14 11:31:07,909 DEBUG org.apache.ibatis.logging.jdbc.BaseJdbcLogger [main] <==      Total: 150
2022-08-14 11:31:08,081 DEBUG org.apache.ibatis.logging.jdbc.BaseJdbcLogger [main] ==>  Preparing: select id, username, password, salt, email, type, status, activation_code, header_url, create_time from user where id in ( ? , ? , ? , ? , ? , ? , ? , ? , ? , ? , ? , ? , ? , ? , ? )
2022-08-14 11:31:08,082 DEBUG org.apache.ibatis.logging.jdbc.BaseJdbcLogger [main] ==> Parameters: 101(Integer), 102(Integer), 103(Integer), 111(Integer), 112(Integer), 131(Integer), 132(Integer), 133(Integer), 134(Integer), 138(Integer), 145(Integer), 146(Integer), 11(Integer), 149(Integer), 0(Integer)
2022-08-14 11:31:08,088 DEBUG org.apache.ibatis.logging.jdbc.BaseJdbcLogger [main] <==      Total: 14
2022-08-14 11:31:08,142 INFO com.zaxxer.hikari.HikariDataSource [SpringApplicationShutdownHook] HikariPool-1 - Shutdown initiated...
2022-08-14 11:31:08,156 INFO com.zaxxer.hikari.HikariDataSource [SpringApplicationShutdownHook] HikariPool-1 - Shutdown completed.
2022-08-14 12:00:04,324 INFO org.springframework.boot.StartupInfoLogger [main] Starting MapperTests using Java 17.0.3.1 on DESKTOP-HMJCEQP with PID 17072 (started by admin in D:\GitHub\nowcoder-project\community-server)
2022-08-14 12:00:04,325 DEBUG org.springframework.boot.StartupInfoLogger [main] Running with Spring Boot v2.7.2, Spring v5.3.22
2022-08-14 12:00:04,325 INFO org.springframework.boot.SpringApplication [main] No active profile set, falling back to 1 default profile: "default"
2022-08-14 12:00:04,802 INFO org.springframework.data.repository.config.RepositoryConfigurationDelegate [main] Multiple Spring Data modules found, entering strict repository configuration mode
2022-08-14 12:00:04,806 INFO org.springframework.data.repository.config.RepositoryConfigurationDelegate [main] Bootstrapping Spring Data Redis repositories in DEFAULT mode.
2022-08-14 12:00:04,831 INFO org.springframework.data.repository.config.RepositoryConfigurationDelegate [main] Finished Spring Data repository scanning in 11 ms. Found 0 Redis repository interfaces.
2022-08-14 12:00:05,467 WARN org.springframework.boot.autoconfigure.thymeleaf.ThymeleafAutoConfiguration$DefaultTemplateResolverConfiguration [main] Cannot find template location: classpath:/templates/ (please add some templates or check your Thymeleaf configuration)
2022-08-14 12:00:06,470 INFO org.springframework.boot.StartupInfoLogger [main] Started MapperTests in 2.426 seconds (JVM running for 2.987)
2022-08-14 12:00:06,830 INFO com.zaxxer.hikari.HikariDataSource [main] HikariPool-1 - Starting...
2022-08-14 12:00:07,138 INFO com.zaxxer.hikari.HikariDataSource [main] HikariPool-1 - Start completed.
2022-08-14 12:00:07,145 DEBUG org.apache.ibatis.logging.jdbc.BaseJdbcLogger [main] ==>  Preparing: select id, user_id, title, type, comment_count, score, like_count, create_time from discuss_post WHERE status != 2
2022-08-14 12:00:07,173 DEBUG org.apache.ibatis.logging.jdbc.BaseJdbcLogger [main] ==> Parameters: 
2022-08-14 12:00:07,220 DEBUG org.apache.ibatis.logging.jdbc.BaseJdbcLogger [main] <==      Total: 150
2022-08-14 12:00:07,380 DEBUG org.apache.ibatis.logging.jdbc.BaseJdbcLogger [main] ==>  Preparing: select id, username, password, salt, email, type, status, activation_code, header_url, create_time from user where id in ( ? , ? , ? , ? , ? , ? , ? , ? , ? , ? , ? , ? , ? , ? , ? )
2022-08-14 12:00:07,382 DEBUG org.apache.ibatis.logging.jdbc.BaseJdbcLogger [main] ==> Parameters: 101(Integer), 102(Integer), 103(Integer), 111(Integer), 112(Integer), 131(Integer), 132(Integer), 133(Integer), 134(Integer), 138(Integer), 145(Integer), 146(Integer), 11(Integer), 149(Integer), 0(Integer)
2022-08-14 12:00:07,387 DEBUG org.apache.ibatis.logging.jdbc.BaseJdbcLogger [main] <==      Total: 14
2022-08-14 12:00:07,466 INFO com.zaxxer.hikari.HikariDataSource [SpringApplicationShutdownHook] HikariPool-1 - Shutdown initiated...
2022-08-14 12:00:07,479 INFO com.zaxxer.hikari.HikariDataSource [SpringApplicationShutdownHook] HikariPool-1 - Shutdown completed.
2022-08-14 13:32:46,927 INFO org.springframework.boot.StartupInfoLogger [main] Starting MapperTests using Java 17.0.3.1 on DESKTOP-HMJCEQP with PID 26456 (started by admin in D:\GitHub\nowcoder-project\community-server)
2022-08-14 13:32:46,928 DEBUG org.springframework.boot.StartupInfoLogger [main] Running with Spring Boot v2.7.2, Spring v5.3.22
2022-08-14 13:32:46,928 INFO org.springframework.boot.SpringApplication [main] No active profile set, falling back to 1 default profile: "default"
2022-08-14 13:32:47,408 INFO org.springframework.data.repository.config.RepositoryConfigurationDelegate [main] Multiple Spring Data modules found, entering strict repository configuration mode
2022-08-14 13:32:47,411 INFO org.springframework.data.repository.config.RepositoryConfigurationDelegate [main] Bootstrapping Spring Data Redis repositories in DEFAULT mode.
2022-08-14 13:32:47,431 INFO org.springframework.data.repository.config.RepositoryConfigurationDelegate [main] Finished Spring Data repository scanning in 9 ms. Found 0 Redis repository interfaces.
2022-08-14 13:32:48,104 WARN org.springframework.boot.autoconfigure.thymeleaf.ThymeleafAutoConfiguration$DefaultTemplateResolverConfiguration [main] Cannot find template location: classpath:/templates/ (please add some templates or check your Thymeleaf configuration)
2022-08-14 13:32:49,132 INFO org.springframework.boot.StartupInfoLogger [main] Started MapperTests in 2.504 seconds (JVM running for 3.078)
2022-08-14 13:33:24,038 INFO org.springframework.boot.StartupInfoLogger [main] Starting MapperTests using Java 17.0.3.1 on DESKTOP-HMJCEQP with PID 3500 (started by admin in D:\GitHub\nowcoder-project\community-server)
2022-08-14 13:33:24,039 DEBUG org.springframework.boot.StartupInfoLogger [main] Running with Spring Boot v2.7.2, Spring v5.3.22
2022-08-14 13:33:24,039 INFO org.springframework.boot.SpringApplication [main] No active profile set, falling back to 1 default profile: "default"
2022-08-14 13:33:24,526 INFO org.springframework.data.repository.config.RepositoryConfigurationDelegate [main] Multiple Spring Data modules found, entering strict repository configuration mode
2022-08-14 13:33:24,530 INFO org.springframework.data.repository.config.RepositoryConfigurationDelegate [main] Bootstrapping Spring Data Redis repositories in DEFAULT mode.
2022-08-14 13:33:24,555 INFO org.springframework.data.repository.config.RepositoryConfigurationDelegate [main] Finished Spring Data repository scanning in 9 ms. Found 0 Redis repository interfaces.
2022-08-14 13:33:25,227 WARN org.springframework.boot.autoconfigure.thymeleaf.ThymeleafAutoConfiguration$DefaultTemplateResolverConfiguration [main] Cannot find template location: classpath:/templates/ (please add some templates or check your Thymeleaf configuration)
2022-08-14 13:33:26,245 INFO org.springframework.boot.StartupInfoLogger [main] Started MapperTests in 2.486 seconds (JVM running for 3.061)
2022-08-14 13:33:26,661 INFO com.zaxxer.hikari.HikariDataSource [main] HikariPool-1 - Starting...
2022-08-14 13:33:26,975 INFO com.zaxxer.hikari.HikariDataSource [main] HikariPool-1 - Start completed.
2022-08-14 13:33:26,983 DEBUG org.apache.ibatis.logging.jdbc.BaseJdbcLogger [main] ==>  Preparing: select `comment`.id as comment_id , `comment`.create_time as comment_create_time , `comment`.content as comment_content , `comment`.user_id as comment_author_id , reply.id as reply_id , reply.content as reply_content , reply.create_time as reply_create_time , reply.from_id as reply_author_id , reply.to_id as reply_target_id from `comment` left join reply on `comment`.id=reply.comment_id where `comment`.id in ( select id from ( select id from `comment` where post_id = ? and `comment`.`status` = 0 order by id asc limit ?, ? ) as comment_id_list ) and ( select count(*) from reply r where r.comment_id=reply.comment_id and r.status=0 and r.id > reply.id ) < ? order by comment.id asc, reply.id asc
2022-08-14 13:33:27,008 DEBUG org.apache.ibatis.logging.jdbc.BaseJdbcLogger [main] ==> Parameters: 274(Integer), 0(Integer), 10(Integer), 5(Integer)
2022-08-14 13:33:27,038 DEBUG org.apache.ibatis.logging.jdbc.BaseJdbcLogger [main] <==      Total: 14
2022-08-14 13:33:27,102 INFO com.zaxxer.hikari.HikariDataSource [SpringApplicationShutdownHook] HikariPool-1 - Shutdown initiated...
2022-08-14 13:33:27,108 INFO com.zaxxer.hikari.HikariDataSource [SpringApplicationShutdownHook] HikariPool-1 - Shutdown completed.
2022-08-14 14:56:27,912 INFO org.springframework.boot.StartupInfoLogger [main] Starting ServiceTest using Java 17.0.3.1 on DESKTOP-HMJCEQP with PID 26272 (started by admin in D:\GitHub\nowcoder-project\community-server)
2022-08-14 14:56:27,913 DEBUG org.springframework.boot.StartupInfoLogger [main] Running with Spring Boot v2.7.2, Spring v5.3.22
2022-08-14 14:56:27,914 INFO org.springframework.boot.SpringApplication [main] No active profile set, falling back to 1 default profile: "default"
2022-08-14 14:56:28,397 INFO org.springframework.data.repository.config.RepositoryConfigurationDelegate [main] Multiple Spring Data modules found, entering strict repository configuration mode
2022-08-14 14:56:28,400 INFO org.springframework.data.repository.config.RepositoryConfigurationDelegate [main] Bootstrapping Spring Data Redis repositories in DEFAULT mode.
2022-08-14 14:56:28,423 INFO org.springframework.data.repository.config.RepositoryConfigurationDelegate [main] Finished Spring Data repository scanning in 9 ms. Found 0 Redis repository interfaces.
2022-08-14 14:56:29,074 WARN org.springframework.boot.autoconfigure.thymeleaf.ThymeleafAutoConfiguration$DefaultTemplateResolverConfiguration [main] Cannot find template location: classpath:/templates/ (please add some templates or check your Thymeleaf configuration)
2022-08-14 14:56:30,125 INFO org.springframework.boot.StartupInfoLogger [main] Started ServiceTest in 2.508 seconds (JVM running for 3.085)
2022-08-14 14:56:30,556 INFO com.zaxxer.hikari.HikariDataSource [main] HikariPool-1 - Starting...
2022-08-14 14:56:30,885 INFO com.zaxxer.hikari.HikariDataSource [main] HikariPool-1 - Start completed.
2022-08-14 14:56:30,893 DEBUG org.apache.ibatis.logging.jdbc.BaseJdbcLogger [main] ==>  Preparing: select `comment`.id as comment_id , `comment`.create_time as comment_create_time , `comment`.content as comment_content , `comment`.user_id as comment_author_id , reply.id as reply_id , reply.content as reply_content , reply.create_time as reply_create_time , reply.from_id as reply_author_id , reply.to_id as reply_target_id from `comment` left join reply on `comment`.id=reply.comment_id where `comment`.id in ( select id from ( select id from `comment` where post_id = ? and `comment`.`status` = 0 order by id asc limit ?, ? ) as comment_id_list ) and ( select count(*) from reply r where r.comment_id=reply.comment_id and r.status=0 and r.id > reply.id ) < ? order by comment.id asc, reply.id asc
2022-08-14 14:56:30,917 DEBUG org.apache.ibatis.logging.jdbc.BaseJdbcLogger [main] ==> Parameters: 274(Integer), 0(Integer), 10(Integer), 3(Integer)
2022-08-14 14:56:30,959 DEBUG org.apache.ibatis.logging.jdbc.BaseJdbcLogger [main] <==      Total: 13
2022-08-14 14:56:31,003 INFO com.zaxxer.hikari.HikariDataSource [SpringApplicationShutdownHook] HikariPool-1 - Shutdown initiated...
2022-08-14 14:56:31,016 INFO com.zaxxer.hikari.HikariDataSource [SpringApplicationShutdownHook] HikariPool-1 - Shutdown completed.
2022-08-14 14:56:58,365 INFO org.springframework.boot.StartupInfoLogger [main] Starting MapperTests using Java 17.0.3.1 on DESKTOP-HMJCEQP with PID 28452 (started by admin in D:\GitHub\nowcoder-project\community-server)
2022-08-14 14:56:58,366 DEBUG org.springframework.boot.StartupInfoLogger [main] Running with Spring Boot v2.7.2, Spring v5.3.22
2022-08-14 14:56:58,367 INFO org.springframework.boot.SpringApplication [main] No active profile set, falling back to 1 default profile: "default"
2022-08-14 14:56:58,846 INFO org.springframework.data.repository.config.RepositoryConfigurationDelegate [main] Multiple Spring Data modules found, entering strict repository configuration mode
2022-08-14 14:56:58,850 INFO org.springframework.data.repository.config.RepositoryConfigurationDelegate [main] Bootstrapping Spring Data Redis repositories in DEFAULT mode.
2022-08-14 14:56:58,870 INFO org.springframework.data.repository.config.RepositoryConfigurationDelegate [main] Finished Spring Data repository scanning in 9 ms. Found 0 Redis repository interfaces.
2022-08-14 14:56:59,537 WARN org.springframework.boot.autoconfigure.thymeleaf.ThymeleafAutoConfiguration$DefaultTemplateResolverConfiguration [main] Cannot find template location: classpath:/templates/ (please add some templates or check your Thymeleaf configuration)
2022-08-14 14:57:00,569 INFO org.springframework.boot.StartupInfoLogger [main] Started MapperTests in 2.484 seconds (JVM running for 3.051)
2022-08-14 14:57:01,003 INFO com.zaxxer.hikari.HikariDataSource [main] HikariPool-1 - Starting...
2022-08-14 14:57:01,308 INFO com.zaxxer.hikari.HikariDataSource [main] HikariPool-1 - Start completed.
2022-08-14 14:57:01,316 DEBUG org.apache.ibatis.logging.jdbc.BaseJdbcLogger [main] ==>  Preparing: select `comment`.id as comment_id , `comment`.create_time as comment_create_time , `comment`.content as comment_content , `comment`.user_id as comment_author_id , reply.id as reply_id , reply.content as reply_content , reply.create_time as reply_create_time , reply.from_id as reply_author_id , reply.to_id as reply_target_id from `comment` left join reply on `comment`.id=reply.comment_id where `comment`.id in ( select id from ( select id from `comment` where post_id = ? and `comment`.`status` = 0 order by id asc limit ?, ? ) as comment_id_list ) and ( select count(*) from reply r where r.comment_id=reply.comment_id and r.status=0 and r.id > reply.id ) < ? order by comment.id asc, reply.id asc
2022-08-14 14:57:01,339 DEBUG org.apache.ibatis.logging.jdbc.BaseJdbcLogger [main] ==> Parameters: 274(Integer), 0(Integer), 10(Integer), 5(Integer)
2022-08-14 14:57:01,377 DEBUG org.apache.ibatis.logging.jdbc.BaseJdbcLogger [main] <==      Total: 14
2022-08-14 14:57:01,423 INFO com.zaxxer.hikari.HikariDataSource [SpringApplicationShutdownHook] HikariPool-1 - Shutdown initiated...
2022-08-14 14:57:01,447 INFO com.zaxxer.hikari.HikariDataSource [SpringApplicationShutdownHook] HikariPool-1 - Shutdown completed.
2022-08-14 14:58:20,681 INFO org.springframework.boot.StartupInfoLogger [main] Starting ServiceTest using Java 17.0.3.1 on DESKTOP-HMJCEQP with PID 9664 (started by admin in D:\GitHub\nowcoder-project\community-server)
2022-08-14 14:58:20,682 DEBUG org.springframework.boot.StartupInfoLogger [main] Running with Spring Boot v2.7.2, Spring v5.3.22
2022-08-14 14:58:20,683 INFO org.springframework.boot.SpringApplication [main] No active profile set, falling back to 1 default profile: "default"
2022-08-14 14:58:21,146 INFO org.springframework.data.repository.config.RepositoryConfigurationDelegate [main] Multiple Spring Data modules found, entering strict repository configuration mode
2022-08-14 14:58:21,149 INFO org.springframework.data.repository.config.RepositoryConfigurationDelegate [main] Bootstrapping Spring Data Redis repositories in DEFAULT mode.
2022-08-14 14:58:21,174 INFO org.springframework.data.repository.config.RepositoryConfigurationDelegate [main] Finished Spring Data repository scanning in 9 ms. Found 0 Redis repository interfaces.
2022-08-14 14:58:21,860 WARN org.springframework.boot.autoconfigure.thymeleaf.ThymeleafAutoConfiguration$DefaultTemplateResolverConfiguration [main] Cannot find template location: classpath:/templates/ (please add some templates or check your Thymeleaf configuration)
2022-08-14 14:58:22,956 INFO org.springframework.boot.StartupInfoLogger [main] Started ServiceTest in 2.554 seconds (JVM running for 3.111)
2022-08-14 14:58:23,338 INFO com.zaxxer.hikari.HikariDataSource [main] HikariPool-1 - Starting...
2022-08-14 14:58:23,639 INFO com.zaxxer.hikari.HikariDataSource [main] HikariPool-1 - Start completed.
2022-08-14 14:58:23,646 DEBUG org.apache.ibatis.logging.jdbc.BaseJdbcLogger [main] ==>  Preparing: select `comment`.id as comment_id , `comment`.create_time as comment_create_time , `comment`.content as comment_content , `comment`.user_id as comment_author_id , reply.id as reply_id , reply.content as reply_content , reply.create_time as reply_create_time , reply.from_id as reply_author_id , reply.to_id as reply_target_id from `comment` left join reply on `comment`.id=reply.comment_id where `comment`.id in ( select id from ( select id from `comment` where post_id = ? and `comment`.`status` = 0 order by id asc limit ?, ? ) as comment_id_list ) and ( select count(*) from reply r where r.comment_id=reply.comment_id and r.status=0 and r.id > reply.id ) < ? order by comment.id asc, reply.id asc
2022-08-14 14:58:23,675 DEBUG org.apache.ibatis.logging.jdbc.BaseJdbcLogger [main] ==> Parameters: 274(Integer), 0(Integer), 10(Integer), 3(Integer)
2022-08-14 14:58:23,705 DEBUG org.apache.ibatis.logging.jdbc.BaseJdbcLogger [main] <==      Total: 13
2022-08-14 14:58:23,720 DEBUG org.apache.ibatis.logging.jdbc.BaseJdbcLogger [main] ==>  Preparing: select id, username, password, salt, email, type, status, activation_code, header_url, create_time from user where id in ( ? , ? , ? , ? )
2022-08-14 14:58:23,721 DEBUG org.apache.ibatis.logging.jdbc.BaseJdbcLogger [main] ==> Parameters: 112(Integer), 146(Integer), 137(Integer), 111(Integer)
2022-08-14 14:58:23,726 DEBUG org.apache.ibatis.logging.jdbc.BaseJdbcLogger [main] <==      Total: 4
2022-08-14 14:58:23,773 INFO com.zaxxer.hikari.HikariDataSource [SpringApplicationShutdownHook] HikariPool-1 - Shutdown initiated...
2022-08-14 14:58:23,794 INFO com.zaxxer.hikari.HikariDataSource [SpringApplicationShutdownHook] HikariPool-1 - Shutdown completed.
2022-08-14 14:58:46,117 INFO org.springframework.boot.StartupInfoLogger [main] Starting ServiceTest using Java 17.0.3.1 on DESKTOP-HMJCEQP with PID 7416 (started by admin in D:\GitHub\nowcoder-project\community-server)
2022-08-14 14:58:46,118 DEBUG org.springframework.boot.StartupInfoLogger [main] Running with Spring Boot v2.7.2, Spring v5.3.22
2022-08-14 14:58:46,119 INFO org.springframework.boot.SpringApplication [main] No active profile set, falling back to 1 default profile: "default"
2022-08-14 14:58:46,598 INFO org.springframework.data.repository.config.RepositoryConfigurationDelegate [main] Multiple Spring Data modules found, entering strict repository configuration mode
2022-08-14 14:58:46,601 INFO org.springframework.data.repository.config.RepositoryConfigurationDelegate [main] Bootstrapping Spring Data Redis repositories in DEFAULT mode.
2022-08-14 14:58:46,629 INFO org.springframework.data.repository.config.RepositoryConfigurationDelegate [main] Finished Spring Data repository scanning in 11 ms. Found 0 Redis repository interfaces.
2022-08-14 14:58:47,284 WARN org.springframework.boot.autoconfigure.thymeleaf.ThymeleafAutoConfiguration$DefaultTemplateResolverConfiguration [main] Cannot find template location: classpath:/templates/ (please add some templates or check your Thymeleaf configuration)
2022-08-14 14:58:48,310 INFO org.springframework.boot.StartupInfoLogger [main] Started ServiceTest in 2.489 seconds (JVM running for 3.043)
2022-08-14 14:58:48,708 INFO com.zaxxer.hikari.HikariDataSource [main] HikariPool-1 - Starting...
2022-08-14 14:58:49,027 INFO com.zaxxer.hikari.HikariDataSource [main] HikariPool-1 - Start completed.
2022-08-14 14:58:49,035 DEBUG org.apache.ibatis.logging.jdbc.BaseJdbcLogger [main] ==>  Preparing: select `comment`.id as comment_id , `comment`.create_time as comment_create_time , `comment`.content as comment_content , `comment`.user_id as comment_author_id , reply.id as reply_id , reply.content as reply_content , reply.create_time as reply_create_time , reply.from_id as reply_author_id , reply.to_id as reply_target_id from `comment` left join reply on `comment`.id=reply.comment_id where `comment`.id in ( select id from ( select id from `comment` where post_id = ? and `comment`.`status` = 0 order by id asc limit ?, ? ) as comment_id_list ) and ( select count(*) from reply r where r.comment_id=reply.comment_id and r.status=0 and r.id > reply.id ) < ? order by comment.id asc, reply.id asc
2022-08-14 14:58:49,062 DEBUG org.apache.ibatis.logging.jdbc.BaseJdbcLogger [main] ==> Parameters: 274(Integer), 0(Integer), 10(Integer), 3(Integer)
2022-08-14 14:58:49,094 DEBUG org.apache.ibatis.logging.jdbc.BaseJdbcLogger [main] <==      Total: 13
2022-08-14 14:58:49,110 DEBUG org.apache.ibatis.logging.jdbc.BaseJdbcLogger [main] ==>  Preparing: select id, username, password, salt, email, type, status, activation_code, header_url, create_time from user where id in ( ? , ? , ? , ? )
2022-08-14 14:58:49,111 DEBUG org.apache.ibatis.logging.jdbc.BaseJdbcLogger [main] ==> Parameters: 112(Integer), 146(Integer), 137(Integer), 111(Integer)
2022-08-14 14:58:49,115 DEBUG org.apache.ibatis.logging.jdbc.BaseJdbcLogger [main] <==      Total: 4
2022-08-14 14:58:49,177 INFO com.zaxxer.hikari.HikariDataSource [SpringApplicationShutdownHook] HikariPool-1 - Shutdown initiated...
2022-08-14 14:58:49,185 INFO com.zaxxer.hikari.HikariDataSource [SpringApplicationShutdownHook] HikariPool-1 - Shutdown completed.
2022-08-14 14:59:48,606 INFO org.springframework.boot.StartupInfoLogger [main] Starting ServiceTest using Java 17.0.3.1 on DESKTOP-HMJCEQP with PID 28252 (started by admin in D:\GitHub\nowcoder-project\community-server)
2022-08-14 14:59:48,607 DEBUG org.springframework.boot.StartupInfoLogger [main] Running with Spring Boot v2.7.2, Spring v5.3.22
2022-08-14 14:59:48,607 INFO org.springframework.boot.SpringApplication [main] No active profile set, falling back to 1 default profile: "default"
2022-08-14 14:59:49,075 INFO org.springframework.data.repository.config.RepositoryConfigurationDelegate [main] Multiple Spring Data modules found, entering strict repository configuration mode
2022-08-14 14:59:49,078 INFO org.springframework.data.repository.config.RepositoryConfigurationDelegate [main] Bootstrapping Spring Data Redis repositories in DEFAULT mode.
2022-08-14 14:59:49,109 INFO org.springframework.data.repository.config.RepositoryConfigurationDelegate [main] Finished Spring Data repository scanning in 10 ms. Found 0 Redis repository interfaces.
2022-08-14 14:59:49,806 WARN org.springframework.boot.autoconfigure.thymeleaf.ThymeleafAutoConfiguration$DefaultTemplateResolverConfiguration [main] Cannot find template location: classpath:/templates/ (please add some templates or check your Thymeleaf configuration)
2022-08-14 14:59:50,881 INFO org.springframework.boot.StartupInfoLogger [main] Started ServiceTest in 2.558 seconds (JVM running for 3.102)
2022-08-14 14:59:51,237 INFO com.zaxxer.hikari.HikariDataSource [main] HikariPool-1 - Starting...
2022-08-14 14:59:51,558 INFO com.zaxxer.hikari.HikariDataSource [main] HikariPool-1 - Start completed.
2022-08-14 14:59:51,565 DEBUG org.apache.ibatis.logging.jdbc.BaseJdbcLogger [main] ==>  Preparing: select `comment`.id as comment_id , `comment`.create_time as comment_create_time , `comment`.content as comment_content , `comment`.user_id as comment_author_id , reply.id as reply_id , reply.content as reply_content , reply.create_time as reply_create_time , reply.from_id as reply_author_id , reply.to_id as reply_target_id from `comment` left join reply on `comment`.id=reply.comment_id where `comment`.id in ( select id from ( select id from `comment` where post_id = ? and `comment`.`status` = 0 order by id asc limit ?, ? ) as comment_id_list ) and ( select count(*) from reply r where r.comment_id=reply.comment_id and r.status=0 and r.id > reply.id ) < ? order by comment.id asc, reply.id asc
2022-08-14 14:59:51,593 DEBUG org.apache.ibatis.logging.jdbc.BaseJdbcLogger [main] ==> Parameters: 274(Integer), 0(Integer), 10(Integer), 3(Integer)
2022-08-14 14:59:51,623 DEBUG org.apache.ibatis.logging.jdbc.BaseJdbcLogger [main] <==      Total: 13
2022-08-14 14:59:51,638 DEBUG org.apache.ibatis.logging.jdbc.BaseJdbcLogger [main] ==>  Preparing: select id, username, password, salt, email, type, status, activation_code, header_url, create_time from user where id in ( ? , ? , ? , ? )
2022-08-14 14:59:51,638 DEBUG org.apache.ibatis.logging.jdbc.BaseJdbcLogger [main] ==> Parameters: 112(Integer), 146(Integer), 137(Integer), 111(Integer)
2022-08-14 14:59:51,643 DEBUG org.apache.ibatis.logging.jdbc.BaseJdbcLogger [main] <==      Total: 4
2022-08-14 14:59:51,696 INFO com.zaxxer.hikari.HikariDataSource [SpringApplicationShutdownHook] HikariPool-1 - Shutdown initiated...
2022-08-14 14:59:51,718 INFO com.zaxxer.hikari.HikariDataSource [SpringApplicationShutdownHook] HikariPool-1 - Shutdown completed.
2022-08-14 15:00:48,091 INFO org.springframework.boot.StartupInfoLogger [main] Starting ServiceTest using Java 17.0.3.1 on DESKTOP-HMJCEQP with PID 23760 (started by admin in D:\GitHub\nowcoder-project\community-server)
2022-08-14 15:00:48,092 DEBUG org.springframework.boot.StartupInfoLogger [main] Running with Spring Boot v2.7.2, Spring v5.3.22
2022-08-14 15:00:48,092 INFO org.springframework.boot.SpringApplication [main] No active profile set, falling back to 1 default profile: "default"
2022-08-14 15:00:48,569 INFO org.springframework.data.repository.config.RepositoryConfigurationDelegate [main] Multiple Spring Data modules found, entering strict repository configuration mode
2022-08-14 15:00:48,574 INFO org.springframework.data.repository.config.RepositoryConfigurationDelegate [main] Bootstrapping Spring Data Redis repositories in DEFAULT mode.
2022-08-14 15:00:48,594 INFO org.springframework.data.repository.config.RepositoryConfigurationDelegate [main] Finished Spring Data repository scanning in 8 ms. Found 0 Redis repository interfaces.
2022-08-14 15:00:49,236 WARN org.springframework.boot.autoconfigure.thymeleaf.ThymeleafAutoConfiguration$DefaultTemplateResolverConfiguration [main] Cannot find template location: classpath:/templates/ (please add some templates or check your Thymeleaf configuration)
2022-08-14 15:00:50,234 INFO org.springframework.boot.StartupInfoLogger [main] Started ServiceTest in 2.426 seconds (JVM running for 3.004)
2022-08-14 15:00:50,706 INFO com.zaxxer.hikari.HikariDataSource [main] HikariPool-1 - Starting...
2022-08-14 15:00:51,012 INFO com.zaxxer.hikari.HikariDataSource [main] HikariPool-1 - Start completed.
2022-08-14 15:00:51,019 DEBUG org.apache.ibatis.logging.jdbc.BaseJdbcLogger [main] ==>  Preparing: select `comment`.id as comment_id , `comment`.create_time as comment_create_time , `comment`.content as comment_content , `comment`.user_id as comment_author_id , reply.id as reply_id , reply.content as reply_content , reply.create_time as reply_create_time , reply.from_id as reply_author_id , reply.to_id as reply_target_id from `comment` left join reply on `comment`.id=reply.comment_id where `comment`.id in ( select id from ( select id from `comment` where post_id = ? and `comment`.`status` = 0 order by id asc limit ?, ? ) as comment_id_list ) and ( select count(*) from reply r where r.comment_id=reply.comment_id and r.status=0 and r.id > reply.id ) < ? order by comment.id asc, reply.id asc
2022-08-14 15:00:51,049 DEBUG org.apache.ibatis.logging.jdbc.BaseJdbcLogger [main] ==> Parameters: 274(Integer), 0(Integer), 10(Integer), 3(Integer)
2022-08-14 15:00:51,079 DEBUG org.apache.ibatis.logging.jdbc.BaseJdbcLogger [main] <==      Total: 13
2022-08-14 15:00:51,095 DEBUG org.apache.ibatis.logging.jdbc.BaseJdbcLogger [main] ==>  Preparing: select id, username, password, salt, email, type, status, activation_code, header_url, create_time from user where id in ( ? , ? , ? , ? )
2022-08-14 15:00:51,095 DEBUG org.apache.ibatis.logging.jdbc.BaseJdbcLogger [main] ==> Parameters: 112(Integer), 146(Integer), 137(Integer), 111(Integer)
2022-08-14 15:00:51,100 DEBUG org.apache.ibatis.logging.jdbc.BaseJdbcLogger [main] <==      Total: 4
2022-08-14 15:00:51,306 INFO com.zaxxer.hikari.HikariDataSource [SpringApplicationShutdownHook] HikariPool-1 - Shutdown initiated...
2022-08-14 15:00:51,321 INFO com.zaxxer.hikari.HikariDataSource [SpringApplicationShutdownHook] HikariPool-1 - Shutdown completed.
2022-08-14 15:02:16,916 INFO org.springframework.boot.StartupInfoLogger [main] Starting ServiceTest using Java 17.0.3.1 on DESKTOP-HMJCEQP with PID 28268 (started by admin in D:\GitHub\nowcoder-project\community-server)
2022-08-14 15:02:16,917 DEBUG org.springframework.boot.StartupInfoLogger [main] Running with Spring Boot v2.7.2, Spring v5.3.22
2022-08-14 15:02:16,918 INFO org.springframework.boot.SpringApplication [main] No active profile set, falling back to 1 default profile: "default"
2022-08-14 15:02:17,411 INFO org.springframework.data.repository.config.RepositoryConfigurationDelegate [main] Multiple Spring Data modules found, entering strict repository configuration mode
2022-08-14 15:02:17,415 INFO org.springframework.data.repository.config.RepositoryConfigurationDelegate [main] Bootstrapping Spring Data Redis repositories in DEFAULT mode.
2022-08-14 15:02:17,437 INFO org.springframework.data.repository.config.RepositoryConfigurationDelegate [main] Finished Spring Data repository scanning in 10 ms. Found 0 Redis repository interfaces.
2022-08-14 15:02:18,111 WARN org.springframework.boot.autoconfigure.thymeleaf.ThymeleafAutoConfiguration$DefaultTemplateResolverConfiguration [main] Cannot find template location: classpath:/templates/ (please add some templates or check your Thymeleaf configuration)
2022-08-14 15:02:19,225 INFO org.springframework.boot.StartupInfoLogger [main] Started ServiceTest in 2.589 seconds (JVM running for 3.159)
2022-08-14 15:02:19,692 INFO com.zaxxer.hikari.HikariDataSource [main] HikariPool-1 - Starting...
2022-08-14 15:02:20,001 INFO com.zaxxer.hikari.HikariDataSource [main] HikariPool-1 - Start completed.
2022-08-14 15:02:20,009 DEBUG org.apache.ibatis.logging.jdbc.BaseJdbcLogger [main] ==>  Preparing: select `comment`.id as comment_id , `comment`.create_time as comment_create_time , `comment`.content as comment_content , `comment`.user_id as comment_author_id , reply.id as reply_id , reply.content as reply_content , reply.create_time as reply_create_time , reply.from_id as reply_author_id , reply.to_id as reply_target_id from `comment` left join reply on `comment`.id=reply.comment_id where `comment`.id in ( select id from ( select id from `comment` where post_id = ? and `comment`.`status` = 0 order by id asc limit ?, ? ) as comment_id_list ) and ( select count(*) from reply r where r.comment_id=reply.comment_id and r.status=0 and r.id > reply.id ) < ? order by comment.id asc, reply.id asc
2022-08-14 15:02:20,036 DEBUG org.apache.ibatis.logging.jdbc.BaseJdbcLogger [main] ==> Parameters: 274(Integer), 0(Integer), 10(Integer), 3(Integer)
2022-08-14 15:02:20,068 DEBUG org.apache.ibatis.logging.jdbc.BaseJdbcLogger [main] <==      Total: 13
2022-08-14 15:02:20,083 DEBUG org.apache.ibatis.logging.jdbc.BaseJdbcLogger [main] ==>  Preparing: select id, username, password, salt, email, type, status, activation_code, header_url, create_time from user where id in ( ? , ? , ? , ? )
2022-08-14 15:02:20,084 DEBUG org.apache.ibatis.logging.jdbc.BaseJdbcLogger [main] ==> Parameters: 112(Integer), 146(Integer), 137(Integer), 111(Integer)
2022-08-14 15:02:20,088 DEBUG org.apache.ibatis.logging.jdbc.BaseJdbcLogger [main] <==      Total: 4
2022-08-14 15:02:20,267 INFO com.zaxxer.hikari.HikariDataSource [SpringApplicationShutdownHook] HikariPool-1 - Shutdown initiated...
2022-08-14 15:02:20,280 INFO com.zaxxer.hikari.HikariDataSource [SpringApplicationShutdownHook] HikariPool-1 - Shutdown completed.
2022-08-14 15:08:13,352 INFO org.springframework.boot.StartupInfoLogger [main] Starting ServiceTest using Java 17.0.3.1 on DESKTOP-HMJCEQP with PID 26440 (started by admin in D:\GitHub\nowcoder-project\community-server)
2022-08-14 15:08:13,353 DEBUG org.springframework.boot.StartupInfoLogger [main] Running with Spring Boot v2.7.2, Spring v5.3.22
2022-08-14 15:08:13,353 INFO org.springframework.boot.SpringApplication [main] No active profile set, falling back to 1 default profile: "default"
2022-08-14 15:08:13,810 INFO org.springframework.data.repository.config.RepositoryConfigurationDelegate [main] Multiple Spring Data modules found, entering strict repository configuration mode
2022-08-14 15:08:13,813 INFO org.springframework.data.repository.config.RepositoryConfigurationDelegate [main] Bootstrapping Spring Data Redis repositories in DEFAULT mode.
2022-08-14 15:08:13,836 INFO org.springframework.data.repository.config.RepositoryConfigurationDelegate [main] Finished Spring Data repository scanning in 9 ms. Found 0 Redis repository interfaces.
2022-08-14 15:08:14,480 WARN org.springframework.boot.autoconfigure.thymeleaf.ThymeleafAutoConfiguration$DefaultTemplateResolverConfiguration [main] Cannot find template location: classpath:/templates/ (please add some templates or check your Thymeleaf configuration)
2022-08-14 15:08:15,486 INFO org.springframework.boot.StartupInfoLogger [main] Started ServiceTest in 2.407 seconds (JVM running for 2.966)
2022-08-14 15:08:15,884 INFO com.zaxxer.hikari.HikariDataSource [main] HikariPool-1 - Starting...
2022-08-14 15:08:16,187 INFO com.zaxxer.hikari.HikariDataSource [main] HikariPool-1 - Start completed.
2022-08-14 15:08:16,194 DEBUG org.apache.ibatis.logging.jdbc.BaseJdbcLogger [main] ==>  Preparing: select `comment`.id as comment_id , `comment`.create_time as comment_create_time , `comment`.content as comment_content , `comment`.user_id as comment_author_id , reply.id as reply_id , reply.content as reply_content , reply.create_time as reply_create_time , reply.from_id as reply_author_id , reply.to_id as reply_target_id from `comment` left join reply on `comment`.id=reply.comment_id where `comment`.id in ( select id from ( select id from `comment` where post_id = ? and `comment`.`status` = 0 order by id asc limit ?, ? ) as comment_id_list ) and ( select count(*) from reply r where r.comment_id=reply.comment_id and r.status=0 and r.id > reply.id ) < ? order by comment.id asc, reply.id asc
2022-08-14 15:08:16,217 DEBUG org.apache.ibatis.logging.jdbc.BaseJdbcLogger [main] ==> Parameters: 274(Integer), 0(Integer), 10(Integer), 3(Integer)
2022-08-14 15:08:16,247 DEBUG org.apache.ibatis.logging.jdbc.BaseJdbcLogger [main] <==      Total: 13
2022-08-14 15:08:16,262 DEBUG org.apache.ibatis.logging.jdbc.BaseJdbcLogger [main] ==>  Preparing: select id, username, password, salt, email, type, status, activation_code, header_url, create_time from user where id in ( ? , ? , ? , ? )
2022-08-14 15:08:16,263 DEBUG org.apache.ibatis.logging.jdbc.BaseJdbcLogger [main] ==> Parameters: 112(Integer), 146(Integer), 137(Integer), 111(Integer)
2022-08-14 15:08:16,267 DEBUG org.apache.ibatis.logging.jdbc.BaseJdbcLogger [main] <==      Total: 4
2022-08-14 15:08:16,434 INFO com.zaxxer.hikari.HikariDataSource [SpringApplicationShutdownHook] HikariPool-1 - Shutdown initiated...
2022-08-14 15:08:16,447 INFO com.zaxxer.hikari.HikariDataSource [SpringApplicationShutdownHook] HikariPool-1 - Shutdown completed.
